##########LOGNEW##########
2020-06-23 15:57:17.817086:HomePage
###############
2020-06-23 15:57:17.839025:result read : {
    "Pid": "202006221803-03",
    "Tittle": "Red Apple",
    "Pname": "Apple",
    "Pprice": 3000,
    "Pamount": 37,
    "Pquality": "5",
    "Pcategory": "Fruit",
    "Ptime": "",
    "PCreateDate": "2020-06-22 18:03:03",
    "PLastUpdate": "2020-06-23 15:24:14"
}
###############
2020-06-23 15:57:17.849027:result read : {"Pid":"202006221803-22","Tittle":"Sweet Banana","Pname":"Banana","Pprice":1400,"Pamount":45,"Pquality":"4","Pcategory":"Fruit","Ptime":"","PCreateDate":"2020-06-22 18:03:22","PLastUpdate":"2020-06-23 14:11:30"}
###############
2020-06-23 15:57:17.860967:result read : {"Pid":"202006221813-18","Tittle":"Pakcoy no2","Pname":"Pakcoy","Pprice":1000,"Pamount":50,"Pquality":"3","Pcategory":"Vegetable","Ptime":"","PCreateDate":"2020-06-22 18:13:18","PLastUpdate":"2020-06-22 18:13:18"}
###############
2020-06-23 15:57:17.868997:result read : {"Pid":"202006221823-29","Tittle":"Sweet Corn","Pname":"Corn","Pprice":1400,"Pamount":10,"Pquality":"4","Pcategory":"Vegetable","Ptime":"","PCreateDate":"2020-06-22 18:23:29","PLastUpdate":"2020-06-23 15:21:42"}
###############
2020-06-23 15:57:17.879938:result read : {"Pid":"202006221823-59","Tittle":"Spinach Popeye","Pname":"Spinach","Pprice":1500,"Pamount":27,"Pquality":"4","Pcategory":"Vegetable","Ptime":"","PCreateDate":"2020-06-22 18:23:59","PLastUpdate":"2020-06-22 18:38:33"}
###############
2020-06-23 15:57:17.888915:result read : {"Pid":"202006222345-50","Tittle":"Red Apple2","Pname":"Apple","Pprice":1500,"Pamount":100,"Pquality":"4","Pcategory":"Fruit","Ptime":"","PCreateDate":"2020-06-22 23:45:50","PLastUpdate":"2020-06-22 23:45:50"}
###############
2020-06-23 15:57:17.899913:result read : {"Pid":"202006231411-21","Tittle":"Sweet Corn2","Pname":"Corn","Pprice":1000,"Pamount":29,"Pquality":"4","Pcategory":"Vegetable","Ptime":"","PCreateDate":"2020-06-23 14:11:21","PLastUpdate":"2020-06-23 15:22:43"}
###############
2020-06-23 15:57:17.911856:{"ListProduct":[{"Pid":"202006221803-03","Tittle":"Red Apple","Pname":"Apple","Pprice":3000,"Pamount":37,"Pquality":"5","Pcategory":"Fruit","Ptime":"22 hour","PCreateDate":"2020-06-22 18:03:03","PLastUpdate":"2020-06-23 15:24:14","UsernameInfo":{"Username":""}},{"Pid":"202006221803-22","Tittle":"Sweet Banana","Pname":"Banana","Pprice":1400,"Pamount":45,"Pquality":"4","Pcategory":"Fruit","Ptime":"22 hour","PCreateDate":"2020-06-22 18:03:22","PLastUpdate":"2020-06-23 14:11:30","UsernameInfo":{"Username":""}},{"Pid":"202006221813-18","Tittle":"Pakcoy no2","Pname":"Pakcoy","Pprice":1000,"Pamount":50,"Pquality":"3","Pcategory":"Vegetable","Ptime":"22 hour","PCreateDate":"2020-06-22 18:13:18","PLastUpdate":"2020-06-22 18:13:18","UsernameInfo":{"Username":""}},{"Pid":"202006221823-29","Tittle":"Sweet Corn","Pname":"Corn","Pprice":1400,"Pamount":10,"Pquality":"4","Pcategory":"Vegetable","Ptime":"22 hour","PCreateDate":"2020-06-22 18:23:29","PLastUpdate":"2020-06-23 15:21:42","UsernameInfo":{"Username":""}},{"Pid":"202006221823-59","Tittle":"Spinach Popeye","Pname":"Spinach","Pprice":1500,"Pamount":27,"Pquality":"4","Pcategory":"Vegetable","Ptime":"22 hour","PCreateDate":"2020-06-22 18:23:59","PLastUpdate":"2020-06-22 18:38:33","UsernameInfo":{"Username":""}},{"Pid":"202006222345-50","Tittle":"Red Apple2","Pname":"Apple","Pprice":1500,"Pamount":100,"Pquality":"4","Pcategory":"Fruit","Ptime":"16 hour","PCreateDate":"2020-06-22 23:45:50","PLastUpdate":"2020-06-22 23:45:50","UsernameInfo":{"Username":""}},{"Pid":"202006231411-21","Tittle":"Sweet Corn2","Pname":"Corn","Pprice":1000,"Pamount":29,"Pquality":"4","Pcategory":"Vegetable","Ptime":"2 hour","PCreateDate":"2020-06-23 14:11:21","PLastUpdate":"2020-06-23 15:22:43","UsernameInfo":{"Username":""}}],"UsernameInfo":{"Username":"banana"}}
###############
2020-06-23 15:58:52.693499:HomePage
###############
2020-06-23 15:58:52.709459:result read : {
    "Pid": "202006221803-03",
    "Tittle": "Red Apple",
    "Pname": "Apple",
    "Pprice": 3000,
    "Pamount": 37,
    "Pquality": "5",
    "Pcategory": "Fruit",
    "Ptime": "",
    "PCreateDate": "2020-06-22 18:03:03",
    "PLastUpdate": "2020-06-23 15:24:14"
}
###############
2020-06-23 15:58:52.721429:result read : {"Pid":"202006221803-22","Tittle":"Sweet Banana","Pname":"Banana","Pprice":1400,"Pamount":45,"Pquality":"4","Pcategory":"Fruit","Ptime":"","PCreateDate":"2020-06-22 18:03:22","PLastUpdate":"2020-06-23 14:11:30"}
###############
2020-06-23 15:58:52.732238:result read : {"Pid":"202006221813-18","Tittle":"Pakcoy no2","Pname":"Pakcoy","Pprice":1000,"Pamount":50,"Pquality":"3","Pcategory":"Vegetable","Ptime":"","PCreateDate":"2020-06-22 18:13:18","PLastUpdate":"2020-06-22 18:13:18"}
###############
2020-06-23 15:58:52.742256:result read : {"Pid":"202006221823-29","Tittle":"Sweet Corn","Pname":"Corn","Pprice":1400,"Pamount":10,"Pquality":"4","Pcategory":"Vegetable","Ptime":"","PCreateDate":"2020-06-22 18:23:29","PLastUpdate":"2020-06-23 15:21:42"}
###############
2020-06-23 15:58:52.752878:result read : {"Pid":"202006221823-59","Tittle":"Spinach Popeye","Pname":"Spinach","Pprice":1500,"Pamount":27,"Pquality":"4","Pcategory":"Vegetable","Ptime":"","PCreateDate":"2020-06-22 18:23:59","PLastUpdate":"2020-06-22 18:38:33"}
###############
2020-06-23 15:58:52.760824:result read : {"Pid":"202006222345-50","Tittle":"Red Apple2","Pname":"Apple","Pprice":1500,"Pamount":100,"Pquality":"4","Pcategory":"Fruit","Ptime":"","PCreateDate":"2020-06-22 23:45:50","PLastUpdate":"2020-06-22 23:45:50"}
###############
2020-06-23 15:58:52.769800:result read : {"Pid":"202006231411-21","Tittle":"Sweet Corn2","Pname":"Corn","Pprice":1000,"Pamount":29,"Pquality":"4","Pcategory":"Vegetable","Ptime":"","PCreateDate":"2020-06-23 14:11:21","PLastUpdate":"2020-06-23 15:22:43"}
###############
2020-06-23 15:58:52.777369:{"ListProduct":[{"Pid":"202006221803-03","Tittle":"Red Apple","Pname":"Apple","Pprice":3000,"Pamount":37,"Pquality":"5","Pcategory":"Fruit","Ptime":"22 hour","PCreateDate":"2020-06-22 18:03:03","PLastUpdate":"2020-06-23 15:24:14","UsernameInfo":{"Username":""}},{"Pid":"202006221803-22","Tittle":"Sweet Banana","Pname":"Banana","Pprice":1400,"Pamount":45,"Pquality":"4","Pcategory":"Fruit","Ptime":"22 hour","PCreateDate":"2020-06-22 18:03:22","PLastUpdate":"2020-06-23 14:11:30","UsernameInfo":{"Username":""}},{"Pid":"202006221813-18","Tittle":"Pakcoy no2","Pname":"Pakcoy","Pprice":1000,"Pamount":50,"Pquality":"3","Pcategory":"Vegetable","Ptime":"22 hour","PCreateDate":"2020-06-22 18:13:18","PLastUpdate":"2020-06-22 18:13:18","UsernameInfo":{"Username":""}},{"Pid":"202006221823-29","Tittle":"Sweet Corn","Pname":"Corn","Pprice":1400,"Pamount":10,"Pquality":"4","Pcategory":"Vegetable","Ptime":"22 hour","PCreateDate":"2020-06-22 18:23:29","PLastUpdate":"2020-06-23 15:21:42","UsernameInfo":{"Username":""}},{"Pid":"202006221823-59","Tittle":"Spinach Popeye","Pname":"Spinach","Pprice":1500,"Pamount":27,"Pquality":"4","Pcategory":"Vegetable","Ptime":"22 hour","PCreateDate":"2020-06-22 18:23:59","PLastUpdate":"2020-06-22 18:38:33","UsernameInfo":{"Username":""}},{"Pid":"202006222345-50","Tittle":"Red Apple2","Pname":"Apple","Pprice":1500,"Pamount":100,"Pquality":"4","Pcategory":"Fruit","Ptime":"16 hour","PCreateDate":"2020-06-22 23:45:50","PLastUpdate":"2020-06-22 23:45:50","UsernameInfo":{"Username":""}},{"Pid":"202006231411-21","Tittle":"Sweet Corn2","Pname":"Corn","Pprice":1000,"Pamount":29,"Pquality":"4","Pcategory":"Vegetable","Ptime":"2 hour","PCreateDate":"2020-06-23 14:11:21","PLastUpdate":"2020-06-23 15:22:43","UsernameInfo":{"Username":""}}],"UsernameInfo":{"Username":"banana"}}
###############
2020-06-23 15:59:01.807448:HomePage
###############
2020-06-23 15:59:01.822407:result read : {
    "Pid": "202006221803-03",
    "Tittle": "Red Apple",
    "Pname": "Apple",
    "Pprice": 3000,
    "Pamount": 37,
    "Pquality": "5",
    "Pcategory": "Fruit",
    "Ptime": "",
    "PCreateDate": "2020-06-22 18:03:03",
    "PLastUpdate": "2020-06-23 15:24:14"
}
###############
2020-06-23 15:59:01.835372:result read : {"Pid":"202006221803-22","Tittle":"Sweet Banana","Pname":"Banana","Pprice":1400,"Pamount":45,"Pquality":"4","Pcategory":"Fruit","Ptime":"","PCreateDate":"2020-06-22 18:03:22","PLastUpdate":"2020-06-23 14:11:30"}
###############
2020-06-23 15:59:01.844350:result read : {"Pid":"202006221813-18","Tittle":"Pakcoy no2","Pname":"Pakcoy","Pprice":1000,"Pamount":50,"Pquality":"3","Pcategory":"Vegetable","Ptime":"","PCreateDate":"2020-06-22 18:13:18","PLastUpdate":"2020-06-22 18:13:18"}
###############
2020-06-23 15:59:01.853325:result read : {"Pid":"202006221823-29","Tittle":"Sweet Corn","Pname":"Corn","Pprice":1400,"Pamount":10,"Pquality":"4","Pcategory":"Vegetable","Ptime":"","PCreateDate":"2020-06-22 18:23:29","PLastUpdate":"2020-06-23 15:21:42"}
###############
2020-06-23 15:59:01.861303:result read : {"Pid":"202006221823-59","Tittle":"Spinach Popeye","Pname":"Spinach","Pprice":1500,"Pamount":27,"Pquality":"4","Pcategory":"Vegetable","Ptime":"","PCreateDate":"2020-06-22 18:23:59","PLastUpdate":"2020-06-22 18:38:33"}
###############
2020-06-23 15:59:01.874270:result read : {"Pid":"202006222345-50","Tittle":"Red Apple2","Pname":"Apple","Pprice":1500,"Pamount":100,"Pquality":"4","Pcategory":"Fruit","Ptime":"","PCreateDate":"2020-06-22 23:45:50","PLastUpdate":"2020-06-22 23:45:50"}
###############
2020-06-23 15:59:01.888231:result read : {"Pid":"202006231411-21","Tittle":"Sweet Corn2","Pname":"Corn","Pprice":1000,"Pamount":29,"Pquality":"4","Pcategory":"Vegetable","Ptime":"","PCreateDate":"2020-06-23 14:11:21","PLastUpdate":"2020-06-23 15:22:43"}
###############
2020-06-23 15:59:01.897208:{"ListProduct":[{"Pid":"202006221803-03","Tittle":"Red Apple","Pname":"Apple","Pprice":3000,"Pamount":37,"Pquality":"5","Pcategory":"Fruit","Ptime":"22 hour","PCreateDate":"2020-06-22 18:03:03","PLastUpdate":"2020-06-23 15:24:14","UsernameInfo":{"Username":""}},{"Pid":"202006221803-22","Tittle":"Sweet Banana","Pname":"Banana","Pprice":1400,"Pamount":45,"Pquality":"4","Pcategory":"Fruit","Ptime":"22 hour","PCreateDate":"2020-06-22 18:03:22","PLastUpdate":"2020-06-23 14:11:30","UsernameInfo":{"Username":""}},{"Pid":"202006221813-18","Tittle":"Pakcoy no2","Pname":"Pakcoy","Pprice":1000,"Pamount":50,"Pquality":"3","Pcategory":"Vegetable","Ptime":"22 hour","PCreateDate":"2020-06-22 18:13:18","PLastUpdate":"2020-06-22 18:13:18","UsernameInfo":{"Username":""}},{"Pid":"202006221823-29","Tittle":"Sweet Corn","Pname":"Corn","Pprice":1400,"Pamount":10,"Pquality":"4","Pcategory":"Vegetable","Ptime":"22 hour","PCreateDate":"2020-06-22 18:23:29","PLastUpdate":"2020-06-23 15:21:42","UsernameInfo":{"Username":""}},{"Pid":"202006221823-59","Tittle":"Spinach Popeye","Pname":"Spinach","Pprice":1500,"Pamount":27,"Pquality":"4","Pcategory":"Vegetable","Ptime":"22 hour","PCreateDate":"2020-06-22 18:23:59","PLastUpdate":"2020-06-22 18:38:33","UsernameInfo":{"Username":""}},{"Pid":"202006222345-50","Tittle":"Red Apple2","Pname":"Apple","Pprice":1500,"Pamount":100,"Pquality":"4","Pcategory":"Fruit","Ptime":"16 hour","PCreateDate":"2020-06-22 23:45:50","PLastUpdate":"2020-06-22 23:45:50","UsernameInfo":{"Username":""}},{"Pid":"202006231411-21","Tittle":"Sweet Corn2","Pname":"Corn","Pprice":1000,"Pamount":29,"Pquality":"4","Pcategory":"Vegetable","Ptime":"2 hour","PCreateDate":"2020-06-23 14:11:21","PLastUpdate":"2020-06-23 15:22:43","UsernameInfo":{"Username":""}}],"UsernameInfo":{"Username":"banana"}}
###############
2020-06-23 15:59:22.889060:HomePage
###############
2020-06-23 15:59:22.900035:result read : {
    "Pid": "202006221803-03",
    "Tittle": "Red Apple",
    "Pname": "Apple",
    "Pprice": 3000,
    "Pamount": 37,
    "Pquality": "5",
    "Pcategory": "Fruit",
    "Ptime": "",
    "PCreateDate": "2020-06-22 18:03:03",
    "PLastUpdate": "2020-06-23 15:24:14"
}
###############
2020-06-23 15:59:22.911004:result read : {"Pid":"202006221803-22","Tittle":"Sweet Banana","Pname":"Banana","Pprice":1400,"Pamount":45,"Pquality":"4","Pcategory":"Fruit","Ptime":"","PCreateDate":"2020-06-22 18:03:22","PLastUpdate":"2020-06-23 14:11:30"}
###############
2020-06-23 15:59:22.922974:result read : {"Pid":"202006221813-18","Tittle":"Pakcoy no2","Pname":"Pakcoy","Pprice":1000,"Pamount":50,"Pquality":"3","Pcategory":"Vegetable","Ptime":"","PCreateDate":"2020-06-22 18:13:18","PLastUpdate":"2020-06-22 18:13:18"}
###############
2020-06-23 15:59:22.930952:result read : {"Pid":"202006221823-29","Tittle":"Sweet Corn","Pname":"Corn","Pprice":1400,"Pamount":10,"Pquality":"4","Pcategory":"Vegetable","Ptime":"","PCreateDate":"2020-06-22 18:23:29","PLastUpdate":"2020-06-23 15:21:42"}
###############
2020-06-23 15:59:22.941922:result read : {"Pid":"202006221823-59","Tittle":"Spinach Popeye","Pname":"Spinach","Pprice":1500,"Pamount":27,"Pquality":"4","Pcategory":"Vegetable","Ptime":"","PCreateDate":"2020-06-22 18:23:59","PLastUpdate":"2020-06-22 18:38:33"}
###############
2020-06-23 15:59:22.954886:result read : {"Pid":"202006222345-50","Tittle":"Red Apple2","Pname":"Apple","Pprice":1500,"Pamount":100,"Pquality":"4","Pcategory":"Fruit","Ptime":"","PCreateDate":"2020-06-22 23:45:50","PLastUpdate":"2020-06-22 23:45:50"}
###############
2020-06-23 15:59:22.962867:result read : {"Pid":"202006231411-21","Tittle":"Sweet Corn2","Pname":"Corn","Pprice":1000,"Pamount":29,"Pquality":"4","Pcategory":"Vegetable","Ptime":"","PCreateDate":"2020-06-23 14:11:21","PLastUpdate":"2020-06-23 15:22:43"}
###############
2020-06-23 15:59:22.975830:{"ListProduct":[{"Pid":"202006221803-03","Tittle":"Red Apple","Pname":"Apple","Pprice":3000,"Pamount":37,"Pquality":"5","Pcategory":"Fruit","Ptime":"22 hour","PCreateDate":"2020-06-22 18:03:03","PLastUpdate":"2020-06-23 15:24:14","UsernameInfo":{"Username":""}},{"Pid":"202006221803-22","Tittle":"Sweet Banana","Pname":"Banana","Pprice":1400,"Pamount":45,"Pquality":"4","Pcategory":"Fruit","Ptime":"22 hour","PCreateDate":"2020-06-22 18:03:22","PLastUpdate":"2020-06-23 14:11:30","UsernameInfo":{"Username":""}},{"Pid":"202006221813-18","Tittle":"Pakcoy no2","Pname":"Pakcoy","Pprice":1000,"Pamount":50,"Pquality":"3","Pcategory":"Vegetable","Ptime":"22 hour","PCreateDate":"2020-06-22 18:13:18","PLastUpdate":"2020-06-22 18:13:18","UsernameInfo":{"Username":""}},{"Pid":"202006221823-29","Tittle":"Sweet Corn","Pname":"Corn","Pprice":1400,"Pamount":10,"Pquality":"4","Pcategory":"Vegetable","Ptime":"22 hour","PCreateDate":"2020-06-22 18:23:29","PLastUpdate":"2020-06-23 15:21:42","UsernameInfo":{"Username":""}},{"Pid":"202006221823-59","Tittle":"Spinach Popeye","Pname":"Spinach","Pprice":1500,"Pamount":27,"Pquality":"4","Pcategory":"Vegetable","Ptime":"22 hour","PCreateDate":"2020-06-22 18:23:59","PLastUpdate":"2020-06-22 18:38:33","UsernameInfo":{"Username":""}},{"Pid":"202006222345-50","Tittle":"Red Apple2","Pname":"Apple","Pprice":1500,"Pamount":100,"Pquality":"4","Pcategory":"Fruit","Ptime":"16 hour","PCreateDate":"2020-06-22 23:45:50","PLastUpdate":"2020-06-22 23:45:50","UsernameInfo":{"Username":""}},{"Pid":"202006231411-21","Tittle":"Sweet Corn2","Pname":"Corn","Pprice":1000,"Pamount":29,"Pquality":"4","Pcategory":"Vegetable","Ptime":"2 hour","PCreateDate":"2020-06-23 14:11:21","PLastUpdate":"2020-06-23 15:22:43","UsernameInfo":{"Username":""}}],"UsernameInfo":{"Username":"banana"}}
###############
2020-06-23 15:59:26.791070:HomePage
###############
2020-06-23 15:59:26.804034:result read : {
    "Pid": "202006221803-03",
    "Tittle": "Red Apple",
    "Pname": "Apple",
    "Pprice": 3000,
    "Pamount": 37,
    "Pquality": "5",
    "Pcategory": "Fruit",
    "Ptime": "",
    "PCreateDate": "2020-06-22 18:03:03",
    "PLastUpdate": "2020-06-23 15:24:14"
}
###############
2020-06-23 15:59:26.813006:result read : {"Pid":"202006221803-22","Tittle":"Sweet Banana","Pname":"Banana","Pprice":1400,"Pamount":45,"Pquality":"4","Pcategory":"Fruit","Ptime":"","PCreateDate":"2020-06-22 18:03:22","PLastUpdate":"2020-06-23 14:11:30"}
###############
2020-06-23 15:59:26.823977:result read : {"Pid":"202006221813-18","Tittle":"Pakcoy no2","Pname":"Pakcoy","Pprice":1000,"Pamount":50,"Pquality":"3","Pcategory":"Vegetable","Ptime":"","PCreateDate":"2020-06-22 18:13:18","PLastUpdate":"2020-06-22 18:13:18"}
###############
2020-06-23 15:59:26.831956:result read : {"Pid":"202006221823-29","Tittle":"Sweet Corn","Pname":"Corn","Pprice":1400,"Pamount":10,"Pquality":"4","Pcategory":"Vegetable","Ptime":"","PCreateDate":"2020-06-22 18:23:29","PLastUpdate":"2020-06-23 15:21:42"}
###############
2020-06-23 15:59:26.843925:result read : {"Pid":"202006221823-59","Tittle":"Spinach Popeye","Pname":"Spinach","Pprice":1500,"Pamount":27,"Pquality":"4","Pcategory":"Vegetable","Ptime":"","PCreateDate":"2020-06-22 18:23:59","PLastUpdate":"2020-06-22 18:38:33"}
###############
2020-06-23 15:59:26.855901:result read : {"Pid":"202006222345-50","Tittle":"Red Apple2","Pname":"Apple","Pprice":1500,"Pamount":100,"Pquality":"4","Pcategory":"Fruit","Ptime":"","PCreateDate":"2020-06-22 23:45:50","PLastUpdate":"2020-06-22 23:45:50"}
###############
2020-06-23 15:59:26.863754:result read : {"Pid":"202006231411-21","Tittle":"Sweet Corn2","Pname":"Corn","Pprice":1000,"Pamount":29,"Pquality":"4","Pcategory":"Vegetable","Ptime":"","PCreateDate":"2020-06-23 14:11:21","PLastUpdate":"2020-06-23 15:22:43"}
###############
2020-06-23 15:59:26.875754:{"ListProduct":[{"Pid":"202006221803-03","Tittle":"Red Apple","Pname":"Apple","Pprice":3000,"Pamount":37,"Pquality":"5","Pcategory":"Fruit","Ptime":"22 hour","PCreateDate":"2020-06-22 18:03:03","PLastUpdate":"2020-06-23 15:24:14","UsernameInfo":{"Username":""}},{"Pid":"202006221803-22","Tittle":"Sweet Banana","Pname":"Banana","Pprice":1400,"Pamount":45,"Pquality":"4","Pcategory":"Fruit","Ptime":"22 hour","PCreateDate":"2020-06-22 18:03:22","PLastUpdate":"2020-06-23 14:11:30","UsernameInfo":{"Username":""}},{"Pid":"202006221813-18","Tittle":"Pakcoy no2","Pname":"Pakcoy","Pprice":1000,"Pamount":50,"Pquality":"3","Pcategory":"Vegetable","Ptime":"22 hour","PCreateDate":"2020-06-22 18:13:18","PLastUpdate":"2020-06-22 18:13:18","UsernameInfo":{"Username":""}},{"Pid":"202006221823-29","Tittle":"Sweet Corn","Pname":"Corn","Pprice":1400,"Pamount":10,"Pquality":"4","Pcategory":"Vegetable","Ptime":"22 hour","PCreateDate":"2020-06-22 18:23:29","PLastUpdate":"2020-06-23 15:21:42","UsernameInfo":{"Username":""}},{"Pid":"202006221823-59","Tittle":"Spinach Popeye","Pname":"Spinach","Pprice":1500,"Pamount":27,"Pquality":"4","Pcategory":"Vegetable","Ptime":"22 hour","PCreateDate":"2020-06-22 18:23:59","PLastUpdate":"2020-06-22 18:38:33","UsernameInfo":{"Username":""}},{"Pid":"202006222345-50","Tittle":"Red Apple2","Pname":"Apple","Pprice":1500,"Pamount":100,"Pquality":"4","Pcategory":"Fruit","Ptime":"16 hour","PCreateDate":"2020-06-22 23:45:50","PLastUpdate":"2020-06-22 23:45:50","UsernameInfo":{"Username":""}},{"Pid":"202006231411-21","Tittle":"Sweet Corn2","Pname":"Corn","Pprice":1000,"Pamount":29,"Pquality":"4","Pcategory":"Vegetable","Ptime":"2 hour","PCreateDate":"2020-06-23 14:11:21","PLastUpdate":"2020-06-23 15:22:43","UsernameInfo":{"Username":""}}],"UsernameInfo":{"Username":"banana"}}
###############
2020-06-23 15:59:32.652672:HomePage
###############
2020-06-23 15:59:32.712692:result read : {
    "Pid": "202006221803-03",
    "Tittle": "Red Apple",
    "Pname": "Apple",
    "Pprice": 3000,
    "Pamount": 37,
    "Pquality": "5",
    "Pcategory": "Fruit",
    "Ptime": "",
    "PCreateDate": "2020-06-22 18:03:03",
    "PLastUpdate": "2020-06-23 15:24:14"
}
###############
2020-06-23 15:59:32.725629:result read : {"Pid":"202006221803-22","Tittle":"Sweet Banana","Pname":"Banana","Pprice":1400,"Pamount":45,"Pquality":"4","Pcategory":"Fruit","Ptime":"","PCreateDate":"2020-06-22 18:03:22","PLastUpdate":"2020-06-23 14:11:30"}
###############
2020-06-23 15:59:32.737600:result read : {"Pid":"202006221813-18","Tittle":"Pakcoy no2","Pname":"Pakcoy","Pprice":1000,"Pamount":50,"Pquality":"3","Pcategory":"Vegetable","Ptime":"","PCreateDate":"2020-06-22 18:13:18","PLastUpdate":"2020-06-22 18:13:18"}
###############
2020-06-23 15:59:32.746573:result read : {"Pid":"202006221823-29","Tittle":"Sweet Corn","Pname":"Corn","Pprice":1400,"Pamount":10,"Pquality":"4","Pcategory":"Vegetable","Ptime":"","PCreateDate":"2020-06-22 18:23:29","PLastUpdate":"2020-06-23 15:21:42"}
###############
2020-06-23 15:59:32.757544:result read : {"Pid":"202006221823-59","Tittle":"Spinach Popeye","Pname":"Spinach","Pprice":1500,"Pamount":27,"Pquality":"4","Pcategory":"Vegetable","Ptime":"","PCreateDate":"2020-06-22 18:23:59","PLastUpdate":"2020-06-22 18:38:33"}
###############
2020-06-23 15:59:32.815389:result read : {"Pid":"202006222345-50","Tittle":"Red Apple2","Pname":"Apple","Pprice":1500,"Pamount":100,"Pquality":"4","Pcategory":"Fruit","Ptime":"","PCreateDate":"2020-06-22 23:45:50","PLastUpdate":"2020-06-22 23:45:50"}
###############
2020-06-23 15:59:32.826360:result read : {"Pid":"202006231411-21","Tittle":"Sweet Corn2","Pname":"Corn","Pprice":1000,"Pamount":29,"Pquality":"4","Pcategory":"Vegetable","Ptime":"","PCreateDate":"2020-06-23 14:11:21","PLastUpdate":"2020-06-23 15:22:43"}
###############
2020-06-23 15:59:32.836337:{"ListProduct":[{"Pid":"202006221803-03","Tittle":"Red Apple","Pname":"Apple","Pprice":3000,"Pamount":37,"Pquality":"5","Pcategory":"Fruit","Ptime":"22 hour","PCreateDate":"2020-06-22 18:03:03","PLastUpdate":"2020-06-23 15:24:14","UsernameInfo":{"Username":""}},{"Pid":"202006221803-22","Tittle":"Sweet Banana","Pname":"Banana","Pprice":1400,"Pamount":45,"Pquality":"4","Pcategory":"Fruit","Ptime":"22 hour","PCreateDate":"2020-06-22 18:03:22","PLastUpdate":"2020-06-23 14:11:30","UsernameInfo":{"Username":""}},{"Pid":"202006221813-18","Tittle":"Pakcoy no2","Pname":"Pakcoy","Pprice":1000,"Pamount":50,"Pquality":"3","Pcategory":"Vegetable","Ptime":"22 hour","PCreateDate":"2020-06-22 18:13:18","PLastUpdate":"2020-06-22 18:13:18","UsernameInfo":{"Username":""}},{"Pid":"202006221823-29","Tittle":"Sweet Corn","Pname":"Corn","Pprice":1400,"Pamount":10,"Pquality":"4","Pcategory":"Vegetable","Ptime":"22 hour","PCreateDate":"2020-06-22 18:23:29","PLastUpdate":"2020-06-23 15:21:42","UsernameInfo":{"Username":""}},{"Pid":"202006221823-59","Tittle":"Spinach Popeye","Pname":"Spinach","Pprice":1500,"Pamount":27,"Pquality":"4","Pcategory":"Vegetable","Ptime":"22 hour","PCreateDate":"2020-06-22 18:23:59","PLastUpdate":"2020-06-22 18:38:33","UsernameInfo":{"Username":""}},{"Pid":"202006222345-50","Tittle":"Red Apple2","Pname":"Apple","Pprice":1500,"Pamount":100,"Pquality":"4","Pcategory":"Fruit","Ptime":"16 hour","PCreateDate":"2020-06-22 23:45:50","PLastUpdate":"2020-06-22 23:45:50","UsernameInfo":{"Username":""}},{"Pid":"202006231411-21","Tittle":"Sweet Corn2","Pname":"Corn","Pprice":1000,"Pamount":29,"Pquality":"4","Pcategory":"Vegetable","Ptime":"2 hour","PCreateDate":"2020-06-23 14:11:21","PLastUpdate":"2020-06-23 15:22:43","UsernameInfo":{"Username":""}}],"UsernameInfo":{"Username":"banana"}}
###############
2020-06-23 15:59:36.305378:HomePage
###############
2020-06-23 15:59:36.315377:result read : {
    "Pid": "202006221803-03",
    "Tittle": "Red Apple",
    "Pname": "Apple",
    "Pprice": 3000,
    "Pamount": 37,
    "Pquality": "5",
    "Pcategory": "Fruit",
    "Ptime": "",
    "PCreateDate": "2020-06-22 18:03:03",
    "PLastUpdate": "2020-06-23 15:24:14"
}
###############
2020-06-23 15:59:36.327795:result read : {"Pid":"202006221803-22","Tittle":"Sweet Banana","Pname":"Banana","Pprice":1400,"Pamount":45,"Pquality":"4","Pcategory":"Fruit","Ptime":"","PCreateDate":"2020-06-22 18:03:22","PLastUpdate":"2020-06-23 14:11:30"}
###############
2020-06-23 15:59:36.339765:result read : {"Pid":"202006221813-18","Tittle":"Pakcoy no2","Pname":"Pakcoy","Pprice":1000,"Pamount":50,"Pquality":"3","Pcategory":"Vegetable","Ptime":"","PCreateDate":"2020-06-22 18:13:18","PLastUpdate":"2020-06-22 18:13:18"}
###############
2020-06-23 15:59:36.348805:result read : {"Pid":"202006221823-29","Tittle":"Sweet Corn","Pname":"Corn","Pprice":1400,"Pamount":10,"Pquality":"4","Pcategory":"Vegetable","Ptime":"","PCreateDate":"2020-06-22 18:23:29","PLastUpdate":"2020-06-23 15:21:42"}
###############
2020-06-23 15:59:36.360740:result read : {"Pid":"202006221823-59","Tittle":"Spinach Popeye","Pname":"Spinach","Pprice":1500,"Pamount":27,"Pquality":"4","Pcategory":"Vegetable","Ptime":"","PCreateDate":"2020-06-22 18:23:59","PLastUpdate":"2020-06-22 18:38:33"}
###############
2020-06-23 15:59:36.372711:result read : {"Pid":"202006222345-50","Tittle":"Red Apple2","Pname":"Apple","Pprice":1500,"Pamount":100,"Pquality":"4","Pcategory":"Fruit","Ptime":"","PCreateDate":"2020-06-22 23:45:50","PLastUpdate":"2020-06-22 23:45:50"}
###############
2020-06-23 15:59:36.381686:result read : {"Pid":"202006231411-21","Tittle":"Sweet Corn2","Pname":"Corn","Pprice":1000,"Pamount":29,"Pquality":"4","Pcategory":"Vegetable","Ptime":"","PCreateDate":"2020-06-23 14:11:21","PLastUpdate":"2020-06-23 15:22:43"}
###############
2020-06-23 15:59:36.391659:{"ListProduct":[{"Pid":"202006221803-03","Tittle":"Red Apple","Pname":"Apple","Pprice":3000,"Pamount":37,"Pquality":"5","Pcategory":"Fruit","Ptime":"22 hour","PCreateDate":"2020-06-22 18:03:03","PLastUpdate":"2020-06-23 15:24:14","UsernameInfo":{"Username":""}},{"Pid":"202006221803-22","Tittle":"Sweet Banana","Pname":"Banana","Pprice":1400,"Pamount":45,"Pquality":"4","Pcategory":"Fruit","Ptime":"22 hour","PCreateDate":"2020-06-22 18:03:22","PLastUpdate":"2020-06-23 14:11:30","UsernameInfo":{"Username":""}},{"Pid":"202006221813-18","Tittle":"Pakcoy no2","Pname":"Pakcoy","Pprice":1000,"Pamount":50,"Pquality":"3","Pcategory":"Vegetable","Ptime":"22 hour","PCreateDate":"2020-06-22 18:13:18","PLastUpdate":"2020-06-22 18:13:18","UsernameInfo":{"Username":""}},{"Pid":"202006221823-29","Tittle":"Sweet Corn","Pname":"Corn","Pprice":1400,"Pamount":10,"Pquality":"4","Pcategory":"Vegetable","Ptime":"22 hour","PCreateDate":"2020-06-22 18:23:29","PLastUpdate":"2020-06-23 15:21:42","UsernameInfo":{"Username":""}},{"Pid":"202006221823-59","Tittle":"Spinach Popeye","Pname":"Spinach","Pprice":1500,"Pamount":27,"Pquality":"4","Pcategory":"Vegetable","Ptime":"22 hour","PCreateDate":"2020-06-22 18:23:59","PLastUpdate":"2020-06-22 18:38:33","UsernameInfo":{"Username":""}},{"Pid":"202006222345-50","Tittle":"Red Apple2","Pname":"Apple","Pprice":1500,"Pamount":100,"Pquality":"4","Pcategory":"Fruit","Ptime":"16 hour","PCreateDate":"2020-06-22 23:45:50","PLastUpdate":"2020-06-22 23:45:50","UsernameInfo":{"Username":""}},{"Pid":"202006231411-21","Tittle":"Sweet Corn2","Pname":"Corn","Pprice":1000,"Pamount":29,"Pquality":"4","Pcategory":"Vegetable","Ptime":"2 hour","PCreateDate":"2020-06-23 14:11:21","PLastUpdate":"2020-06-23 15:22:43","UsernameInfo":{"Username":""}}],"UsernameInfo":{"Username":"banana"}}
###############
2020-06-23 15:59:51.796153:HomePage
###############
2020-06-23 15:59:51.806128:result read : {
    "Pid": "202006221803-03",
    "Tittle": "Red Apple",
    "Pname": "Apple",
    "Pprice": 3000,
    "Pamount": 37,
    "Pquality": "5",
    "Pcategory": "Fruit",
    "Ptime": "",
    "PCreateDate": "2020-06-22 18:03:03",
    "PLastUpdate": "2020-06-23 15:24:14"
}
###############
2020-06-23 15:59:51.814265:result read : {"Pid":"202006221803-22","Tittle":"Sweet Banana","Pname":"Banana","Pprice":1400,"Pamount":45,"Pquality":"4","Pcategory":"Fruit","Ptime":"","PCreateDate":"2020-06-22 18:03:22","PLastUpdate":"2020-06-23 14:11:30"}
###############
2020-06-23 15:59:51.824239:result read : {"Pid":"202006221813-18","Tittle":"Pakcoy no2","Pname":"Pakcoy","Pprice":1000,"Pamount":50,"Pquality":"3","Pcategory":"Vegetable","Ptime":"","PCreateDate":"2020-06-22 18:13:18","PLastUpdate":"2020-06-22 18:13:18"}
###############
2020-06-23 15:59:51.832488:result read : {"Pid":"202006221823-29","Tittle":"Sweet Corn","Pname":"Corn","Pprice":1400,"Pamount":10,"Pquality":"4","Pcategory":"Vegetable","Ptime":"","PCreateDate":"2020-06-22 18:23:29","PLastUpdate":"2020-06-23 15:21:42"}
###############
2020-06-23 15:59:51.841493:result read : {"Pid":"202006221823-59","Tittle":"Spinach Popeye","Pname":"Spinach","Pprice":1500,"Pamount":27,"Pquality":"4","Pcategory":"Vegetable","Ptime":"","PCreateDate":"2020-06-22 18:23:59","PLastUpdate":"2020-06-22 18:38:33"}
###############
2020-06-23 15:59:51.850439:result read : {"Pid":"202006222345-50","Tittle":"Red Apple2","Pname":"Apple","Pprice":1500,"Pamount":100,"Pquality":"4","Pcategory":"Fruit","Ptime":"","PCreateDate":"2020-06-22 23:45:50","PLastUpdate":"2020-06-22 23:45:50"}
###############
2020-06-23 15:59:51.860469:result read : {"Pid":"202006231411-21","Tittle":"Sweet Corn2","Pname":"Corn","Pprice":1000,"Pamount":29,"Pquality":"4","Pcategory":"Vegetable","Ptime":"","PCreateDate":"2020-06-23 14:11:21","PLastUpdate":"2020-06-23 15:22:43"}
###############
2020-06-23 15:59:51.870442:{"ListProduct":[{"Pid":"202006221803-03","Tittle":"Red Apple","Pname":"Apple","Pprice":3000,"Pamount":37,"Pquality":"5","Pcategory":"Fruit","Ptime":"22 hour","PCreateDate":"2020-06-22 18:03:03","PLastUpdate":"2020-06-23 15:24:14","UsernameInfo":{"Username":""}},{"Pid":"202006221803-22","Tittle":"Sweet Banana","Pname":"Banana","Pprice":1400,"Pamount":45,"Pquality":"4","Pcategory":"Fruit","Ptime":"22 hour","PCreateDate":"2020-06-22 18:03:22","PLastUpdate":"2020-06-23 14:11:30","UsernameInfo":{"Username":""}},{"Pid":"202006221813-18","Tittle":"Pakcoy no2","Pname":"Pakcoy","Pprice":1000,"Pamount":50,"Pquality":"3","Pcategory":"Vegetable","Ptime":"22 hour","PCreateDate":"2020-06-22 18:13:18","PLastUpdate":"2020-06-22 18:13:18","UsernameInfo":{"Username":""}},{"Pid":"202006221823-29","Tittle":"Sweet Corn","Pname":"Corn","Pprice":1400,"Pamount":10,"Pquality":"4","Pcategory":"Vegetable","Ptime":"22 hour","PCreateDate":"2020-06-22 18:23:29","PLastUpdate":"2020-06-23 15:21:42","UsernameInfo":{"Username":""}},{"Pid":"202006221823-59","Tittle":"Spinach Popeye","Pname":"Spinach","Pprice":1500,"Pamount":27,"Pquality":"4","Pcategory":"Vegetable","Ptime":"22 hour","PCreateDate":"2020-06-22 18:23:59","PLastUpdate":"2020-06-22 18:38:33","UsernameInfo":{"Username":""}},{"Pid":"202006222345-50","Tittle":"Red Apple2","Pname":"Apple","Pprice":1500,"Pamount":100,"Pquality":"4","Pcategory":"Fruit","Ptime":"16 hour","PCreateDate":"2020-06-22 23:45:50","PLastUpdate":"2020-06-22 23:45:50","UsernameInfo":{"Username":""}},{"Pid":"202006231411-21","Tittle":"Sweet Corn2","Pname":"Corn","Pprice":1000,"Pamount":29,"Pquality":"4","Pcategory":"Vegetable","Ptime":"2 hour","PCreateDate":"2020-06-23 14:11:21","PLastUpdate":"2020-06-23 15:22:43","UsernameInfo":{"Username":""}}],"UsernameInfo":{"Username":"banana"}}
###############
2020-06-23 16:00:19.115608:HomePage
###############
2020-06-23 16:00:19.125578:result read : {
    "Pid": "202006221803-03",
    "Tittle": "Red Apple",
    "Pname": "Apple",
    "Pprice": 3000,
    "Pamount": 37,
    "Pquality": "5",
    "Pcategory": "Fruit",
    "Ptime": "",
    "PCreateDate": "2020-06-22 18:03:03",
    "PLastUpdate": "2020-06-23 15:24:14"
}
###############
2020-06-23 16:00:19.133629:result read : {"Pid":"202006221803-22","Tittle":"Sweet Banana","Pname":"Banana","Pprice":1400,"Pamount":45,"Pquality":"4","Pcategory":"Fruit","Ptime":"","PCreateDate":"2020-06-22 18:03:22","PLastUpdate":"2020-06-23 14:11:30"}
###############
2020-06-23 16:00:19.145567:result read : {"Pid":"202006221813-18","Tittle":"Pakcoy no2","Pname":"Pakcoy","Pprice":1000,"Pamount":50,"Pquality":"3","Pcategory":"Vegetable","Ptime":"","PCreateDate":"2020-06-22 18:13:18","PLastUpdate":"2020-06-22 18:13:18"}
###############
2020-06-23 16:00:19.193470:result read : {"Pid":"202006221823-29","Tittle":"Sweet Corn","Pname":"Corn","Pprice":1400,"Pamount":10,"Pquality":"4","Pcategory":"Vegetable","Ptime":"","PCreateDate":"2020-06-22 18:23:29","PLastUpdate":"2020-06-23 15:21:42"}
###############
2020-06-23 16:00:19.200459:result read : {"Pid":"202006221823-59","Tittle":"Spinach Popeye","Pname":"Spinach","Pprice":1500,"Pamount":27,"Pquality":"4","Pcategory":"Vegetable","Ptime":"","PCreateDate":"2020-06-22 18:23:59","PLastUpdate":"2020-06-22 18:38:33"}
###############
2020-06-23 16:00:19.211430:result read : {"Pid":"202006222345-50","Tittle":"Red Apple2","Pname":"Apple","Pprice":1500,"Pamount":100,"Pquality":"4","Pcategory":"Fruit","Ptime":"","PCreateDate":"2020-06-22 23:45:50","PLastUpdate":"2020-06-22 23:45:50"}
###############
2020-06-23 16:00:19.219408:result read : {"Pid":"202006231411-21","Tittle":"Sweet Corn2","Pname":"Corn","Pprice":1000,"Pamount":29,"Pquality":"4","Pcategory":"Vegetable","Ptime":"","PCreateDate":"2020-06-23 14:11:21","PLastUpdate":"2020-06-23 15:22:43"}
###############
2020-06-23 16:00:19.230379:{"ListProduct":[{"Pid":"202006221803-03","Tittle":"Red Apple","Pname":"Apple","Pprice":3000,"Pamount":37,"Pquality":"5","Pcategory":"Fruit","Ptime":"22 hour","PCreateDate":"2020-06-22 18:03:03","PLastUpdate":"2020-06-23 15:24:14","UsernameInfo":{"Username":""}},{"Pid":"202006221803-22","Tittle":"Sweet Banana","Pname":"Banana","Pprice":1400,"Pamount":45,"Pquality":"4","Pcategory":"Fruit","Ptime":"22 hour","PCreateDate":"2020-06-22 18:03:22","PLastUpdate":"2020-06-23 14:11:30","UsernameInfo":{"Username":""}},{"Pid":"202006221813-18","Tittle":"Pakcoy no2","Pname":"Pakcoy","Pprice":1000,"Pamount":50,"Pquality":"3","Pcategory":"Vegetable","Ptime":"22 hour","PCreateDate":"2020-06-22 18:13:18","PLastUpdate":"2020-06-22 18:13:18","UsernameInfo":{"Username":""}},{"Pid":"202006221823-29","Tittle":"Sweet Corn","Pname":"Corn","Pprice":1400,"Pamount":10,"Pquality":"4","Pcategory":"Vegetable","Ptime":"22 hour","PCreateDate":"2020-06-22 18:23:29","PLastUpdate":"2020-06-23 15:21:42","UsernameInfo":{"Username":""}},{"Pid":"202006221823-59","Tittle":"Spinach Popeye","Pname":"Spinach","Pprice":1500,"Pamount":27,"Pquality":"4","Pcategory":"Vegetable","Ptime":"22 hour","PCreateDate":"2020-06-22 18:23:59","PLastUpdate":"2020-06-22 18:38:33","UsernameInfo":{"Username":""}},{"Pid":"202006222345-50","Tittle":"Red Apple2","Pname":"Apple","Pprice":1500,"Pamount":100,"Pquality":"4","Pcategory":"Fruit","Ptime":"16 hour","PCreateDate":"2020-06-22 23:45:50","PLastUpdate":"2020-06-22 23:45:50","UsernameInfo":{"Username":""}},{"Pid":"202006231411-21","Tittle":"Sweet Corn2","Pname":"Corn","Pprice":1000,"Pamount":29,"Pquality":"4","Pcategory":"Vegetable","Ptime":"2 hour","PCreateDate":"2020-06-23 14:11:21","PLastUpdate":"2020-06-23 15:22:43","UsernameInfo":{"Username":""}}],"UsernameInfo":{"Username":"banana"}}
###############
2020-06-23 16:00:52.358773:HomePage
###############
2020-06-23 16:00:52.371738:result read : {
    "Pid": "202006221803-03",
    "Tittle": "Red Apple",
    "Pname": "Apple",
    "Pprice": 3000,
    "Pamount": 37,
    "Pquality": "5",
    "Pcategory": "Fruit",
    "Ptime": "",
    "PCreateDate": "2020-06-22 18:03:03",
    "PLastUpdate": "2020-06-23 15:24:14"
}
###############
2020-06-23 16:00:52.382710:result read : {"Pid":"202006221803-22","Tittle":"Sweet Banana","Pname":"Banana","Pprice":1400,"Pamount":45,"Pquality":"4","Pcategory":"Fruit","Ptime":"","PCreateDate":"2020-06-22 18:03:22","PLastUpdate":"2020-06-23 14:11:30"}
###############
2020-06-23 16:00:52.393680:result read : {"Pid":"202006221813-18","Tittle":"Pakcoy no2","Pname":"Pakcoy","Pprice":1000,"Pamount":50,"Pquality":"3","Pcategory":"Vegetable","Ptime":"","PCreateDate":"2020-06-22 18:13:18","PLastUpdate":"2020-06-22 18:13:18"}
###############
2020-06-23 16:00:52.403655:result read : {"Pid":"202006221823-29","Tittle":"Sweet Corn","Pname":"Corn","Pprice":1400,"Pamount":10,"Pquality":"4","Pcategory":"Vegetable","Ptime":"","PCreateDate":"2020-06-22 18:23:29","PLastUpdate":"2020-06-23 15:21:42"}
###############
2020-06-23 16:00:52.414627:result read : {"Pid":"202006221823-59","Tittle":"Spinach Popeye","Pname":"Spinach","Pprice":1500,"Pamount":27,"Pquality":"4","Pcategory":"Vegetable","Ptime":"","PCreateDate":"2020-06-22 18:23:59","PLastUpdate":"2020-06-22 18:38:33"}
###############
2020-06-23 16:00:52.427589:result read : {"Pid":"202006222345-50","Tittle":"Red Apple2","Pname":"Apple","Pprice":1500,"Pamount":100,"Pquality":"4","Pcategory":"Fruit","Ptime":"","PCreateDate":"2020-06-22 23:45:50","PLastUpdate":"2020-06-22 23:45:50"}
###############
2020-06-23 16:00:52.436564:result read : {"Pid":"202006231411-21","Tittle":"Sweet Corn2","Pname":"Corn","Pprice":1000,"Pamount":29,"Pquality":"4","Pcategory":"Vegetable","Ptime":"","PCreateDate":"2020-06-23 14:11:21","PLastUpdate":"2020-06-23 15:22:43"}
###############
2020-06-23 16:00:52.446538:{"ListProduct":[{"Pid":"202006221803-03","Tittle":"Red Apple","Pname":"Apple","Pprice":3000,"Pamount":37,"Pquality":"5","Pcategory":"Fruit","Ptime":"22 hour","PCreateDate":"2020-06-22 18:03:03","PLastUpdate":"2020-06-23 15:24:14","UsernameInfo":{"Username":""}},{"Pid":"202006221803-22","Tittle":"Sweet Banana","Pname":"Banana","Pprice":1400,"Pamount":45,"Pquality":"4","Pcategory":"Fruit","Ptime":"22 hour","PCreateDate":"2020-06-22 18:03:22","PLastUpdate":"2020-06-23 14:11:30","UsernameInfo":{"Username":""}},{"Pid":"202006221813-18","Tittle":"Pakcoy no2","Pname":"Pakcoy","Pprice":1000,"Pamount":50,"Pquality":"3","Pcategory":"Vegetable","Ptime":"22 hour","PCreateDate":"2020-06-22 18:13:18","PLastUpdate":"2020-06-22 18:13:18","UsernameInfo":{"Username":""}},{"Pid":"202006221823-29","Tittle":"Sweet Corn","Pname":"Corn","Pprice":1400,"Pamount":10,"Pquality":"4","Pcategory":"Vegetable","Ptime":"22 hour","PCreateDate":"2020-06-22 18:23:29","PLastUpdate":"2020-06-23 15:21:42","UsernameInfo":{"Username":""}},{"Pid":"202006221823-59","Tittle":"Spinach Popeye","Pname":"Spinach","Pprice":1500,"Pamount":27,"Pquality":"4","Pcategory":"Vegetable","Ptime":"22 hour","PCreateDate":"2020-06-22 18:23:59","PLastUpdate":"2020-06-22 18:38:33","UsernameInfo":{"Username":""}},{"Pid":"202006222345-50","Tittle":"Red Apple2","Pname":"Apple","Pprice":1500,"Pamount":100,"Pquality":"4","Pcategory":"Fruit","Ptime":"16 hour","PCreateDate":"2020-06-22 23:45:50","PLastUpdate":"2020-06-22 23:45:50","UsernameInfo":{"Username":""}},{"Pid":"202006231411-21","Tittle":"Sweet Corn2","Pname":"Corn","Pprice":1000,"Pamount":29,"Pquality":"4","Pcategory":"Vegetable","Ptime":"2 hour","PCreateDate":"2020-06-23 14:11:21","PLastUpdate":"2020-06-23 15:22:43","UsernameInfo":{"Username":""}}],"UsernameInfo":{"Username":"papaya"}}
###############
2020-06-23 16:04:09.316226:HomePage
###############
2020-06-23 16:04:09.329189:result read : {
    "Pid": "202006221803-03",
    "Tittle": "Red Apple",
    "Pname": "Apple",
    "Pprice": 3000,
    "Pamount": 37,
    "Pquality": "5",
    "Pcategory": "Fruit",
    "Ptime": "",
    "PCreateDate": "2020-06-22 18:03:03",
    "PLastUpdate": "2020-06-23 15:24:14"
}
###############
2020-06-23 16:04:09.338298:result read : {"Pid":"202006221803-22","Tittle":"Sweet Banana","Pname":"Banana","Pprice":1400,"Pamount":45,"Pquality":"4","Pcategory":"Fruit","Ptime":"","PCreateDate":"2020-06-22 18:03:22","PLastUpdate":"2020-06-23 14:11:30"}
###############
2020-06-23 16:04:09.346276:result read : {"Pid":"202006221813-18","Tittle":"Pakcoy no2","Pname":"Pakcoy","Pprice":1000,"Pamount":50,"Pquality":"3","Pcategory":"Vegetable","Ptime":"","PCreateDate":"2020-06-22 18:13:18","PLastUpdate":"2020-06-22 18:13:18"}
###############
2020-06-23 16:04:09.355254:result read : {"Pid":"202006221823-29","Tittle":"Sweet Corn","Pname":"Corn","Pprice":1400,"Pamount":10,"Pquality":"4","Pcategory":"Vegetable","Ptime":"","PCreateDate":"2020-06-22 18:23:29","PLastUpdate":"2020-06-23 15:21:42"}
###############
2020-06-23 16:04:09.363232:result read : {"Pid":"202006221823-59","Tittle":"Spinach Popeye","Pname":"Spinach","Pprice":1500,"Pamount":27,"Pquality":"4","Pcategory":"Vegetable","Ptime":"","PCreateDate":"2020-06-22 18:23:59","PLastUpdate":"2020-06-22 18:38:33"}
###############
2020-06-23 16:04:09.371212:result read : {"Pid":"202006222345-50","Tittle":"Red Apple2","Pname":"Apple","Pprice":1500,"Pamount":100,"Pquality":"4","Pcategory":"Fruit","Ptime":"","PCreateDate":"2020-06-22 23:45:50","PLastUpdate":"2020-06-22 23:45:50"}
###############
2020-06-23 16:04:09.379267:result read : {"Pid":"202006231411-21","Tittle":"Sweet Corn2","Pname":"Corn","Pprice":1000,"Pamount":29,"Pquality":"4","Pcategory":"Vegetable","Ptime":"","PCreateDate":"2020-06-23 14:11:21","PLastUpdate":"2020-06-23 15:22:43"}
###############
2020-06-23 16:04:09.388207:{"ListProduct":[{"Pid":"202006221803-03","Tittle":"Red Apple","Pname":"Apple","Pprice":3000,"Pamount":37,"Pquality":"5","Pcategory":"Fruit","Ptime":"22 hour","PCreateDate":"2020-06-22 18:03:03","PLastUpdate":"2020-06-23 15:24:14","UsernameInfo":{"Username":""}},{"Pid":"202006221803-22","Tittle":"Sweet Banana","Pname":"Banana","Pprice":1400,"Pamount":45,"Pquality":"4","Pcategory":"Fruit","Ptime":"22 hour","PCreateDate":"2020-06-22 18:03:22","PLastUpdate":"2020-06-23 14:11:30","UsernameInfo":{"Username":""}},{"Pid":"202006221813-18","Tittle":"Pakcoy no2","Pname":"Pakcoy","Pprice":1000,"Pamount":50,"Pquality":"3","Pcategory":"Vegetable","Ptime":"22 hour","PCreateDate":"2020-06-22 18:13:18","PLastUpdate":"2020-06-22 18:13:18","UsernameInfo":{"Username":""}},{"Pid":"202006221823-29","Tittle":"Sweet Corn","Pname":"Corn","Pprice":1400,"Pamount":10,"Pquality":"4","Pcategory":"Vegetable","Ptime":"22 hour","PCreateDate":"2020-06-22 18:23:29","PLastUpdate":"2020-06-23 15:21:42","UsernameInfo":{"Username":""}},{"Pid":"202006221823-59","Tittle":"Spinach Popeye","Pname":"Spinach","Pprice":1500,"Pamount":27,"Pquality":"4","Pcategory":"Vegetable","Ptime":"22 hour","PCreateDate":"2020-06-22 18:23:59","PLastUpdate":"2020-06-22 18:38:33","UsernameInfo":{"Username":""}},{"Pid":"202006222345-50","Tittle":"Red Apple2","Pname":"Apple","Pprice":1500,"Pamount":100,"Pquality":"4","Pcategory":"Fruit","Ptime":"16 hour","PCreateDate":"2020-06-22 23:45:50","PLastUpdate":"2020-06-22 23:45:50","UsernameInfo":{"Username":""}},{"Pid":"202006231411-21","Tittle":"Sweet Corn2","Pname":"Corn","Pprice":1000,"Pamount":29,"Pquality":"4","Pcategory":"Vegetable","Ptime":"2 hour","PCreateDate":"2020-06-23 14:11:21","PLastUpdate":"2020-06-23 15:22:43","UsernameInfo":{"Username":""}}],"UsernameInfo":{"Username":"banana"}}
###############
2020-06-23 16:04:11.248964:HomePage
###############
2020-06-23 16:04:11.260963:result read : {
    "Pid": "202006221803-03",
    "Tittle": "Red Apple",
    "Pname": "Apple",
    "Pprice": 3000,
    "Pamount": 37,
    "Pquality": "5",
    "Pcategory": "Fruit",
    "Ptime": "",
    "PCreateDate": "2020-06-22 18:03:03",
    "PLastUpdate": "2020-06-23 15:24:14"
}
###############
2020-06-23 16:04:11.271987:result read : {"Pid":"202006221803-22","Tittle":"Sweet Banana","Pname":"Banana","Pprice":1400,"Pamount":45,"Pquality":"4","Pcategory":"Fruit","Ptime":"","PCreateDate":"2020-06-22 18:03:22","PLastUpdate":"2020-06-23 14:11:30"}
###############
2020-06-23 16:04:11.279960:result read : {"Pid":"202006221813-18","Tittle":"Pakcoy no2","Pname":"Pakcoy","Pprice":1000,"Pamount":50,"Pquality":"3","Pcategory":"Vegetable","Ptime":"","PCreateDate":"2020-06-22 18:13:18","PLastUpdate":"2020-06-22 18:13:18"}
###############
2020-06-23 16:04:11.291968:result read : {"Pid":"202006221823-29","Tittle":"Sweet Corn","Pname":"Corn","Pprice":1400,"Pamount":10,"Pquality":"4","Pcategory":"Vegetable","Ptime":"","PCreateDate":"2020-06-22 18:23:29","PLastUpdate":"2020-06-23 15:21:42"}
###############
2020-06-23 16:04:11.299979:result read : {"Pid":"202006221823-59","Tittle":"Spinach Popeye","Pname":"Spinach","Pprice":1500,"Pamount":27,"Pquality":"4","Pcategory":"Vegetable","Ptime":"","PCreateDate":"2020-06-22 18:23:59","PLastUpdate":"2020-06-22 18:38:33"}
###############
2020-06-23 16:04:11.310945:result read : {"Pid":"202006222345-50","Tittle":"Red Apple2","Pname":"Apple","Pprice":1500,"Pamount":100,"Pquality":"4","Pcategory":"Fruit","Ptime":"","PCreateDate":"2020-06-22 23:45:50","PLastUpdate":"2020-06-22 23:45:50"}
###############
2020-06-23 16:04:11.322886:result read : {"Pid":"202006231411-21","Tittle":"Sweet Corn2","Pname":"Corn","Pprice":1000,"Pamount":29,"Pquality":"4","Pcategory":"Vegetable","Ptime":"","PCreateDate":"2020-06-23 14:11:21","PLastUpdate":"2020-06-23 15:22:43"}
###############
2020-06-23 16:04:11.329864:{"ListProduct":[{"Pid":"202006221803-03","Tittle":"Red Apple","Pname":"Apple","Pprice":3000,"Pamount":37,"Pquality":"5","Pcategory":"Fruit","Ptime":"22 hour","PCreateDate":"2020-06-22 18:03:03","PLastUpdate":"2020-06-23 15:24:14","UsernameInfo":{"Username":""}},{"Pid":"202006221803-22","Tittle":"Sweet Banana","Pname":"Banana","Pprice":1400,"Pamount":45,"Pquality":"4","Pcategory":"Fruit","Ptime":"22 hour","PCreateDate":"2020-06-22 18:03:22","PLastUpdate":"2020-06-23 14:11:30","UsernameInfo":{"Username":""}},{"Pid":"202006221813-18","Tittle":"Pakcoy no2","Pname":"Pakcoy","Pprice":1000,"Pamount":50,"Pquality":"3","Pcategory":"Vegetable","Ptime":"22 hour","PCreateDate":"2020-06-22 18:13:18","PLastUpdate":"2020-06-22 18:13:18","UsernameInfo":{"Username":""}},{"Pid":"202006221823-29","Tittle":"Sweet Corn","Pname":"Corn","Pprice":1400,"Pamount":10,"Pquality":"4","Pcategory":"Vegetable","Ptime":"22 hour","PCreateDate":"2020-06-22 18:23:29","PLastUpdate":"2020-06-23 15:21:42","UsernameInfo":{"Username":""}},{"Pid":"202006221823-59","Tittle":"Spinach Popeye","Pname":"Spinach","Pprice":1500,"Pamount":27,"Pquality":"4","Pcategory":"Vegetable","Ptime":"22 hour","PCreateDate":"2020-06-22 18:23:59","PLastUpdate":"2020-06-22 18:38:33","UsernameInfo":{"Username":""}},{"Pid":"202006222345-50","Tittle":"Red Apple2","Pname":"Apple","Pprice":1500,"Pamount":100,"Pquality":"4","Pcategory":"Fruit","Ptime":"16 hour","PCreateDate":"2020-06-22 23:45:50","PLastUpdate":"2020-06-22 23:45:50","UsernameInfo":{"Username":""}},{"Pid":"202006231411-21","Tittle":"Sweet Corn2","Pname":"Corn","Pprice":1000,"Pamount":29,"Pquality":"4","Pcategory":"Vegetable","Ptime":"2 hour","PCreateDate":"2020-06-23 14:11:21","PLastUpdate":"2020-06-23 15:22:43","UsernameInfo":{"Username":""}}],"UsernameInfo":{"Username":"banana"}}
###############
2020-06-23 16:04:15.529034:BuyProduct
###############
2020-06-23 16:04:15.540014:result read : {"Pid":"202006221803-22","Tittle":"Sweet Banana","Pname":"Banana","Pprice":1400,"Pamount":45,"Pquality":"4","Pcategory":"Fruit","Ptime":"","PCreateDate":"2020-06-22 18:03:22","PLastUpdate":"2020-06-23 14:11:30"}
###############
2020-06-23 16:04:17.209822:ProductPage
###############
2020-06-23 16:04:24.744107:HomePage
###############
2020-06-23 16:04:24.756076:result read : {
    "Pid": "202006221803-03",
    "Tittle": "Red Apple",
    "Pname": "Apple",
    "Pprice": 3000,
    "Pamount": 37,
    "Pquality": "5",
    "Pcategory": "Fruit",
    "Ptime": "",
    "PCreateDate": "2020-06-22 18:03:03",
    "PLastUpdate": "2020-06-23 15:24:14"
}
###############
2020-06-23 16:04:24.764431:result read : {"Pid":"202006221803-22","Tittle":"Sweet Banana","Pname":"Banana","Pprice":1400,"Pamount":45,"Pquality":"4","Pcategory":"Fruit","Ptime":"","PCreateDate":"2020-06-22 18:03:22","PLastUpdate":"2020-06-23 14:11:30"}
###############
2020-06-23 16:04:24.775399:result read : {"Pid":"202006221813-18","Tittle":"Pakcoy no2","Pname":"Pakcoy","Pprice":1000,"Pamount":50,"Pquality":"3","Pcategory":"Vegetable","Ptime":"","PCreateDate":"2020-06-22 18:13:18","PLastUpdate":"2020-06-22 18:13:18"}
###############
2020-06-23 16:04:24.783379:result read : {"Pid":"202006221823-29","Tittle":"Sweet Corn","Pname":"Corn","Pprice":1400,"Pamount":10,"Pquality":"4","Pcategory":"Vegetable","Ptime":"","PCreateDate":"2020-06-22 18:23:29","PLastUpdate":"2020-06-23 15:21:42"}
###############
2020-06-23 16:04:24.794350:result read : {"Pid":"202006221823-59","Tittle":"Spinach Popeye","Pname":"Spinach","Pprice":1500,"Pamount":27,"Pquality":"4","Pcategory":"Vegetable","Ptime":"","PCreateDate":"2020-06-22 18:23:59","PLastUpdate":"2020-06-22 18:38:33"}
###############
2020-06-23 16:04:24.802329:result read : {"Pid":"202006222345-50","Tittle":"Red Apple2","Pname":"Apple","Pprice":1500,"Pamount":100,"Pquality":"4","Pcategory":"Fruit","Ptime":"","PCreateDate":"2020-06-22 23:45:50","PLastUpdate":"2020-06-22 23:45:50"}
###############
2020-06-23 16:04:24.812330:result read : {"Pid":"202006231411-21","Tittle":"Sweet Corn2","Pname":"Corn","Pprice":1000,"Pamount":29,"Pquality":"4","Pcategory":"Vegetable","Ptime":"","PCreateDate":"2020-06-23 14:11:21","PLastUpdate":"2020-06-23 15:22:43"}
###############
2020-06-23 16:04:24.822274:{"ListProduct":[{"Pid":"202006221803-03","Tittle":"Red Apple","Pname":"Apple","Pprice":3000,"Pamount":37,"Pquality":"5","Pcategory":"Fruit","Ptime":"22 hour","PCreateDate":"2020-06-22 18:03:03","PLastUpdate":"2020-06-23 15:24:14","UsernameInfo":{"Username":""}},{"Pid":"202006221803-22","Tittle":"Sweet Banana","Pname":"Banana","Pprice":1400,"Pamount":45,"Pquality":"4","Pcategory":"Fruit","Ptime":"22 hour","PCreateDate":"2020-06-22 18:03:22","PLastUpdate":"2020-06-23 14:11:30","UsernameInfo":{"Username":""}},{"Pid":"202006221813-18","Tittle":"Pakcoy no2","Pname":"Pakcoy","Pprice":1000,"Pamount":50,"Pquality":"3","Pcategory":"Vegetable","Ptime":"22 hour","PCreateDate":"2020-06-22 18:13:18","PLastUpdate":"2020-06-22 18:13:18","UsernameInfo":{"Username":""}},{"Pid":"202006221823-29","Tittle":"Sweet Corn","Pname":"Corn","Pprice":1400,"Pamount":10,"Pquality":"4","Pcategory":"Vegetable","Ptime":"22 hour","PCreateDate":"2020-06-22 18:23:29","PLastUpdate":"2020-06-23 15:21:42","UsernameInfo":{"Username":""}},{"Pid":"202006221823-59","Tittle":"Spinach Popeye","Pname":"Spinach","Pprice":1500,"Pamount":27,"Pquality":"4","Pcategory":"Vegetable","Ptime":"22 hour","PCreateDate":"2020-06-22 18:23:59","PLastUpdate":"2020-06-22 18:38:33","UsernameInfo":{"Username":""}},{"Pid":"202006222345-50","Tittle":"Red Apple2","Pname":"Apple","Pprice":1500,"Pamount":100,"Pquality":"4","Pcategory":"Fruit","Ptime":"16 hour","PCreateDate":"2020-06-22 23:45:50","PLastUpdate":"2020-06-22 23:45:50","UsernameInfo":{"Username":""}},{"Pid":"202006231411-21","Tittle":"Sweet Corn2","Pname":"Corn","Pprice":1000,"Pamount":29,"Pquality":"4","Pcategory":"Vegetable","Ptime":"2 hour","PCreateDate":"2020-06-23 14:11:21","PLastUpdate":"2020-06-23 15:22:43","UsernameInfo":{"Username":""}}],"UsernameInfo":{"Username":"banana"}}
###############
