##########LOGNEW##########
2020-06-29 12:21:13.287745:BuyProduct
###############
2020-06-29 12:21:13.298716:open product_list/product_202006291216-20.json: The system cannot find the file specified.
###############
2020-06-29 12:21:13.306697:result read : 
###############
2020-06-29 12:21:15.224770:HomePage
###############
2020-06-29 12:21:15.230742:{"ListProduct":[],"UsernameInfo":{"username":"banana","password":""}}
###############
2020-06-29 12:21:20.298445:ProductPage
###############
2020-06-29 12:21:36.189332:{"No":0,"Pid":"202006291221-36","Powner":"banana","Tittle":"Sweet Banana","Pname":"Banana","Pprice":1000,"Pamount":100,"Pquality":"3","Pcategory":"Fruit","Ptime":"","PCreateDate":"2020-06-29 12:21:36","PLastUpdate":"2020-06-29 12:21:36","UsernameInfo":{"username":"banana","password":""}}
###############
2020-06-29 12:21:36.481173:HomePage
###############
2020-06-29 12:21:36.496131:result read : {"No":0,"Pid":"202006291221-36","Powner":"banana","Tittle":"Sweet Banana","Pname":"Banana","Pprice":1000,"Pamount":100,"Pquality":"3","Pcategory":"Fruit","Ptime":"","PCreateDate":"2020-06-29 12:21:36","PLastUpdate":"2020-06-29 12:21:36","UsernameInfo":{"username":"banana","password":""}}
###############
2020-06-29 12:21:36.507102:{"ListProduct":[{"No":1,"Pid":"202006291221-36","Powner":"banana","Tittle":"Sweet Banana","Pname":"Banana","Pprice":1000,"Pamount":100,"Pquality":"3","Pcategory":"Fruit","Ptime":"0 minute","PCreateDate":"2020-06-29 12:21:36","PLastUpdate":"2020-06-29 12:21:36","UsernameInfo":{"username":"banana","password":""}}],"UsernameInfo":{"username":"banana","password":""}}
###############
2020-06-29 12:21:38.599423:BuyProduct
###############
2020-06-29 12:21:38.608400:result read : {"No":0,"Pid":"202006291221-36","Powner":"banana","Tittle":"Sweet Banana","Pname":"Banana","Pprice":1000,"Pamount":100,"Pquality":"3","Pcategory":"Fruit","Ptime":"","PCreateDate":"2020-06-29 12:21:36","PLastUpdate":"2020-06-29 12:21:36","UsernameInfo":{"username":"banana","password":""}}
###############
2020-06-29 12:22:21.988133:BuySomeProduct
###############
2020-06-29 12:22:21.996110:{"pid":"202006291221-36","owner_in":"banana","tittle":"Sweet Banana","name":"Banana","amount_buy":"1","total_pay":"IDR 1000","category_in":"Fruit","quality_in":"3"}
###############
2020-06-29 12:22:22.003094:{"No":0,"Pid":"202006291221-36","Powner":"banana","Tittle":"Sweet Banana","Pname":"Banana","Pprice":1000,"Pamount":99,"Pquality":"3","Pcategory":"Fruit","Ptime":"","PCreateDate":"2020-06-29 12:21:36","PLastUpdate":"2020-06-29 12:22:22","UsernameInfo":{"username":"banana","password":""}}
###############
2020-06-29 12:22:22.015061:{"Data":{"pid":"202006291221-36","tittle":"Sweet Banana","name":"Banana","amount_buy":"1","total_pay":"IDR 1000","category_in":"Fruit","quality_in":"3","owner_in":"banana"},"Owner":"banana","Buyer":"banana"}
###############
2020-06-29 12:22:22.109275:BuyProduct
###############
2020-06-29 12:22:22.115290:result read : {"No":0,"Pid":"202006291221-36","Powner":"banana","Tittle":"Sweet Banana","Pname":"Banana","Pprice":1000,"Pamount":99,"Pquality":"3","Pcategory":"Fruit","Ptime":"","PCreateDate":"2020-06-29 12:21:36","PLastUpdate":"2020-06-29 12:22:22","UsernameInfo":{"username":"banana","password":""}}
###############
2020-06-29 12:23:13.514371:HomePage
###############
2020-06-29 12:23:13.522383:result read : {"No":0,"Pid":"202006291221-36","Powner":"banana","Tittle":"Sweet Banana","Pname":"Banana","Pprice":1000,"Pamount":99,"Pquality":"3","Pcategory":"Fruit","Ptime":"","PCreateDate":"2020-06-29 12:21:36","PLastUpdate":"2020-06-29 12:22:22","UsernameInfo":{"username":"banana","password":""}}
###############
2020-06-29 12:23:13.567505:{"ListProduct":[{"No":1,"Pid":"202006291221-36","Powner":"banana","Tittle":"Sweet Banana","Pname":"Banana","Pprice":1000,"Pamount":99,"Pquality":"3","Pcategory":"Fruit","Ptime":"2 minute","PCreateDate":"2020-06-29 12:21:36","PLastUpdate":"2020-06-29 12:22:22","UsernameInfo":{"username":"banana","password":""}}],"UsernameInfo":{"username":"banana","password":""}}
###############
2020-06-29 12:23:19.490566:BuyProduct
###############
2020-06-29 12:23:19.499542:result read : {"No":0,"Pid":"202006291221-36","Powner":"banana","Tittle":"Sweet Banana","Pname":"Banana","Pprice":1000,"Pamount":99,"Pquality":"3","Pcategory":"Fruit","Ptime":"","PCreateDate":"2020-06-29 12:21:36","PLastUpdate":"2020-06-29 12:22:22","UsernameInfo":{"username":"banana","password":""}}
###############
2020-06-29 12:23:21.285090:HomePage
###############
2020-06-29 12:23:21.290075:result read : {"No":0,"Pid":"202006291221-36","Powner":"banana","Tittle":"Sweet Banana","Pname":"Banana","Pprice":1000,"Pamount":99,"Pquality":"3","Pcategory":"Fruit","Ptime":"","PCreateDate":"2020-06-29 12:21:36","PLastUpdate":"2020-06-29 12:22:22","UsernameInfo":{"username":"banana","password":""}}
###############
2020-06-29 12:23:21.297057:{"ListProduct":[{"No":1,"Pid":"202006291221-36","Powner":"banana","Tittle":"Sweet Banana","Pname":"Banana","Pprice":1000,"Pamount":99,"Pquality":"3","Pcategory":"Fruit","Ptime":"2 minute","PCreateDate":"2020-06-29 12:21:36","PLastUpdate":"2020-06-29 12:22:22","UsernameInfo":{"username":"banana","password":""}}],"UsernameInfo":{"username":"banana","password":""}}
###############
2020-06-29 12:23:27.559145:UserLoginVal
###############
2020-06-29 12:23:27.567124:{"username":"papaya","password":"welcome1"}
###############
2020-06-29 12:23:27.634965:{"Username":"papaya","Password":"welcome1","Message":"0000"}
###############
2020-06-29 12:23:27.645938:LoginHandler
###############
2020-06-29 12:23:27.651918:{"Username":"papaya","Password":"welcome1","Message":"0000"}

###############
2020-06-29 12:23:27.733055:HomePage
###############
2020-06-29 12:23:27.739036:result read : {"No":0,"Pid":"202006291221-36","Powner":"banana","Tittle":"Sweet Banana","Pname":"Banana","Pprice":1000,"Pamount":99,"Pquality":"3","Pcategory":"Fruit","Ptime":"","PCreateDate":"2020-06-29 12:21:36","PLastUpdate":"2020-06-29 12:22:22","UsernameInfo":{"username":"banana","password":""}}
###############
2020-06-29 12:23:27.745022:{"ListProduct":[{"No":1,"Pid":"202006291221-36","Powner":"banana","Tittle":"Sweet Banana","Pname":"Banana","Pprice":1000,"Pamount":99,"Pquality":"3","Pcategory":"Fruit","Ptime":"2 minute","PCreateDate":"2020-06-29 12:21:36","PLastUpdate":"2020-06-29 12:22:22","UsernameInfo":{"username":"banana","password":""}}],"UsernameInfo":{"username":"papaya","password":""}}
###############
2020-06-29 12:23:30.330526:BuyProduct
###############
2020-06-29 12:23:30.337540:result read : {"No":0,"Pid":"202006291221-36","Powner":"banana","Tittle":"Sweet Banana","Pname":"Banana","Pprice":1000,"Pamount":99,"Pquality":"3","Pcategory":"Fruit","Ptime":"","PCreateDate":"2020-06-29 12:21:36","PLastUpdate":"2020-06-29 12:22:22","UsernameInfo":{"username":"banana","password":""}}
###############
2020-06-29 12:23:34.182862:BuySomeProduct
###############
2020-06-29 12:23:34.189842:{"pid":"202006291221-36","owner_in":"banana","tittle":"Sweet Banana","name":"Banana","amount_buy":"1","total_pay":"IDR 1000","category_in":"Fruit","quality_in":"3"}
###############
2020-06-29 12:23:34.197822:{"No":0,"Pid":"202006291221-36","Powner":"banana","Tittle":"Sweet Banana","Pname":"Banana","Pprice":1000,"Pamount":98,"Pquality":"3","Pcategory":"Fruit","Ptime":"","PCreateDate":"2020-06-29 12:21:36","PLastUpdate":"2020-06-29 12:23:34","UsernameInfo":{"username":"banana","password":""}}
###############
2020-06-29 12:23:34.208792:{"Data":{"pid":"202006291221-36","tittle":"Sweet Banana","name":"Banana","amount_buy":"1","total_pay":"IDR 1000","category_in":"Fruit","quality_in":"3","owner_in":"banana"},"Owner":"banana","Buyer":"papaya"}
###############
2020-06-29 12:23:34.225747:BuyProduct
###############
2020-06-29 12:23:34.234724:result read : {"No":0,"Pid":"202006291221-36","Powner":"banana","Tittle":"Sweet Banana","Pname":"Banana","Pprice":1000,"Pamount":98,"Pquality":"3","Pcategory":"Fruit","Ptime":"","PCreateDate":"2020-06-29 12:21:36","PLastUpdate":"2020-06-29 12:23:34","UsernameInfo":{"username":"banana","password":""}}
###############
2020-06-29 14:01:24.736400:HomePage
###############
2020-06-29 14:01:24.751360:result read : {"No":0,"Pid":"202006291221-36","Powner":"banana","Tittle":"Sweet Banana","Pname":"Banana","Pprice":1000,"Pamount":98,"Pquality":"3","Pcategory":"Fruit","Ptime":"","PCreateDate":"2020-06-29 12:21:36","PLastUpdate":"2020-06-29 12:23:34","UsernameInfo":{"username":"banana","password":""}}
###############
2020-06-29 14:01:24.758342:{"ListProduct":[{"No":1,"Pid":"202006291221-36","Powner":"banana","Tittle":"Sweet Banana","Pname":"Banana","Pprice":1000,"Pamount":98,"Pquality":"3","Pcategory":"Fruit","Ptime":"2 hour","PCreateDate":"2020-06-29 12:21:36","PLastUpdate":"2020-06-29 12:23:34","UsernameInfo":{"username":"banana","password":""}}],"UsernameInfo":{"username":"banana","password":""}}
###############
2020-06-29 14:01:28.268118:template: productlist.html:107:40: executing "productlist.html" at <.ListProduct>: can't evaluate field ListProduct in type strcode.HistPage
###############
2020-06-29 14:02:09.245038:template: trxlist.html:107:40: executing "trxlist.html" at <.ListProduct>: can't evaluate field ListProduct in type strcode.HistPage
###############
2020-06-29 14:03:48.351127:result read : {"No":0,"Pid":"202006291221-36","Powner":"banana","Tittle":"Sweet Banana","Pname":"Banana","Pprice":1000,"Pamount":98,"Pquality":"3","Pcategory":"Fruit","Ptime":"","PCreateDate":"2020-06-29 12:21:36","PLastUpdate":"2020-06-29 12:23:34","UsernameInfo":{"username":"banana","password":""}}
###############
2020-06-29 14:03:54.463758:HomePage
###############
2020-06-29 14:03:54.474728:result read : {"No":0,"Pid":"202006291221-36","Powner":"banana","Tittle":"Sweet Banana","Pname":"Banana","Pprice":1000,"Pamount":98,"Pquality":"3","Pcategory":"Fruit","Ptime":"","PCreateDate":"2020-06-29 12:21:36","PLastUpdate":"2020-06-29 12:23:34","UsernameInfo":{"username":"banana","password":""}}
###############
2020-06-29 14:03:54.482706:{"ListProduct":[{"No":1,"Pid":"202006291221-36","Powner":"banana","Tittle":"Sweet Banana","Pname":"Banana","Pprice":1000,"Pamount":98,"Pquality":"3","Pcategory":"Fruit","Ptime":"2 hour","PCreateDate":"2020-06-29 12:21:36","PLastUpdate":"2020-06-29 12:23:34","UsernameInfo":{"username":"banana","password":""}}],"UsernameInfo":{"username":"banana","password":""}}
###############
2020-06-29 14:03:57.915835:HomePage
###############
2020-06-29 14:03:57.925809:result read : {"No":0,"Pid":"202006291221-36","Powner":"banana","Tittle":"Sweet Banana","Pname":"Banana","Pprice":1000,"Pamount":98,"Pquality":"3","Pcategory":"Fruit","Ptime":"","PCreateDate":"2020-06-29 12:21:36","PLastUpdate":"2020-06-29 12:23:34","UsernameInfo":{"username":"banana","password":""}}
###############
2020-06-29 14:03:57.932789:{"ListProduct":[{"No":1,"Pid":"202006291221-36","Powner":"banana","Tittle":"Sweet Banana","Pname":"Banana","Pprice":1000,"Pamount":98,"Pquality":"3","Pcategory":"Fruit","Ptime":"2 hour","PCreateDate":"2020-06-29 12:21:36","PLastUpdate":"2020-06-29 12:23:34","UsernameInfo":{"username":"banana","password":""}}],"UsernameInfo":{"username":"banana","password":""}}
###############
2020-06-29 14:03:59.887734:BuyProduct
###############
2020-06-29 14:03:59.896738:result read : {"No":0,"Pid":"202006291221-36","Powner":"banana","Tittle":"Sweet Banana","Pname":"Banana","Pprice":1000,"Pamount":98,"Pquality":"3","Pcategory":"Fruit","Ptime":"","PCreateDate":"2020-06-29 12:21:36","PLastUpdate":"2020-06-29 12:23:34","UsernameInfo":{"username":"banana","password":""}}
###############
2020-06-29 14:04:03.132830:BuySomeProduct
###############
2020-06-29 14:04:03.141807:{"pid":"202006291221-36","owner_in":"banana","tittle":"Sweet Banana","name":"Banana","amount_buy":"1","total_pay":"IDR 1000","category_in":"Fruit","quality_in":"3"}
###############
2020-06-29 14:04:03.149783:{"No":0,"Pid":"202006291221-36","Powner":"banana","Tittle":"Sweet Banana","Pname":"Banana","Pprice":1000,"Pamount":97,"Pquality":"3","Pcategory":"Fruit","Ptime":"","PCreateDate":"2020-06-29 12:21:36","PLastUpdate":"2020-06-29 14:04:03","UsernameInfo":{"username":"banana","password":""}}
###############
2020-06-29 14:04:03.192101:{"Data":{"pid":"202006291221-36","tittle":"Sweet Banana","name":"Banana","amount_buy":"1","total_pay":"IDR 1000","category_in":"Fruit","quality_in":"3","owner_in":"banana"},"Owner":"banana","Buyer":"banana"}
###############
2020-06-29 14:04:03.259371:BuyProduct
###############
2020-06-29 14:04:03.266370:result read : {"No":0,"Pid":"202006291221-36","Powner":"banana","Tittle":"Sweet Banana","Pname":"Banana","Pprice":1000,"Pamount":97,"Pquality":"3","Pcategory":"Fruit","Ptime":"","PCreateDate":"2020-06-29 12:21:36","PLastUpdate":"2020-06-29 14:04:03","UsernameInfo":{"username":"banana","password":""}}
###############
2020-06-29 14:04:05.685519:result read : {"No":0,"Pid":"202006291221-36","Powner":"banana","Tittle":"Sweet Banana","Pname":"Banana","Pprice":1000,"Pamount":97,"Pquality":"3","Pcategory":"Fruit","Ptime":"","PCreateDate":"2020-06-29 12:21:36","PLastUpdate":"2020-06-29 14:04:03","UsernameInfo":{"username":"banana","password":""}}
###############
2020-06-29 14:04:08.599427:HomePage
###############
2020-06-29 14:04:08.613390:result read : {"No":0,"Pid":"202006291221-36","Powner":"banana","Tittle":"Sweet Banana","Pname":"Banana","Pprice":1000,"Pamount":97,"Pquality":"3","Pcategory":"Fruit","Ptime":"","PCreateDate":"2020-06-29 12:21:36","PLastUpdate":"2020-06-29 14:04:03","UsernameInfo":{"username":"banana","password":""}}
###############
2020-06-29 14:04:08.626355:{"ListProduct":[{"No":1,"Pid":"202006291221-36","Powner":"banana","Tittle":"Sweet Banana","Pname":"Banana","Pprice":1000,"Pamount":97,"Pquality":"3","Pcategory":"Fruit","Ptime":"2 hour","PCreateDate":"2020-06-29 12:21:36","PLastUpdate":"2020-06-29 14:04:03","UsernameInfo":{"username":"banana","password":""}}],"UsernameInfo":{"username":"banana","password":""}}
###############
2020-06-29 14:04:10.781308:template: trxlist.html:108:83: executing "trxlist.html" at <.Pid>: can't evaluate field Pid in type strcode.TrxProduct
###############
2020-06-29 14:07:46.309778:UserLoginVal
###############
2020-06-29 14:07:46.317784:{"username":"papaya","password":"welcome1"}
###############
2020-06-29 14:07:46.380653:{"Username":"papaya","Password":"welcome1","Message":"0000"}
###############
2020-06-29 14:07:46.391624:LoginHandler
###############
2020-06-29 14:07:46.397607:{"Username":"papaya","Password":"welcome1","Message":"0000"}

###############
2020-06-29 14:07:46.458446:HomePage
###############
2020-06-29 14:07:46.465426:result read : {"No":0,"Pid":"202006291221-36","Powner":"banana","Tittle":"Sweet Banana","Pname":"Banana","Pprice":1000,"Pamount":97,"Pquality":"3","Pcategory":"Fruit","Ptime":"","PCreateDate":"2020-06-29 12:21:36","PLastUpdate":"2020-06-29 14:04:03","UsernameInfo":{"username":"banana","password":""}}
###############
2020-06-29 14:07:46.475400:{"ListProduct":[{"No":1,"Pid":"202006291221-36","Powner":"banana","Tittle":"Sweet Banana","Pname":"Banana","Pprice":1000,"Pamount":97,"Pquality":"3","Pcategory":"Fruit","Ptime":"2 hour","PCreateDate":"2020-06-29 12:21:36","PLastUpdate":"2020-06-29 14:04:03","UsernameInfo":{"username":"banana","password":""}}],"UsernameInfo":{"username":"papaya","password":""}}
###############
2020-06-29 14:07:48.575730:BuyProduct
###############
2020-06-29 14:07:48.583706:result read : {"No":0,"Pid":"202006291221-36","Powner":"banana","Tittle":"Sweet Banana","Pname":"Banana","Pprice":1000,"Pamount":97,"Pquality":"3","Pcategory":"Fruit","Ptime":"","PCreateDate":"2020-06-29 12:21:36","PLastUpdate":"2020-06-29 14:04:03","UsernameInfo":{"username":"banana","password":""}}
###############
2020-06-29 14:07:52.221261:BuySomeProduct
###############
2020-06-29 14:07:52.230236:{"pid":"202006291221-36","owner_in":"banana","tittle":"Sweet Banana","name":"Banana","amount_buy":"1","total_pay":"IDR 1000","category_in":"Fruit","quality_in":"3"}
###############
2020-06-29 14:07:52.239214:{"No":0,"Pid":"202006291221-36","Powner":"banana","Tittle":"Sweet Banana","Pname":"Banana","Pprice":1000,"Pamount":96,"Pquality":"3","Pcategory":"Fruit","Ptime":"","PCreateDate":"2020-06-29 12:21:36","PLastUpdate":"2020-06-29 14:07:52","UsernameInfo":{"username":"banana","password":""}}
###############
2020-06-29 14:07:52.276114:{"Data":{"pid":"202006291221-36","tittle":"Sweet Banana","name":"Banana","amount_buy":"1","total_pay":"IDR 1000","category_in":"Fruit","quality_in":"3","owner_in":"banana"},"Owner":"banana","Buyer":"papaya"}
###############
2020-06-29 14:07:52.298055:BuyProduct
###############
2020-06-29 14:07:52.308029:result read : {"No":0,"Pid":"202006291221-36","Powner":"banana","Tittle":"Sweet Banana","Pname":"Banana","Pprice":1000,"Pamount":96,"Pquality":"3","Pcategory":"Fruit","Ptime":"","PCreateDate":"2020-06-29 12:21:36","PLastUpdate":"2020-06-29 14:07:52","UsernameInfo":{"username":"banana","password":""}}
###############
2020-06-29 14:33:16.532606:HomePage
###############
2020-06-29 14:33:16.539587:result read : {"No":0,"Pid":"202006291221-36","Powner":"banana","Tittle":"Sweet Banana","Pname":"Banana","Pprice":1000,"Pamount":96,"Pquality":"3","Pcategory":"Fruit","Ptime":"","PCreateDate":"2020-06-29 12:21:36","PLastUpdate":"2020-06-29 14:07:52","UsernameInfo":{"username":"banana","password":""}}
###############
2020-06-29 14:33:16.547566:{"ListProduct":[{"No":1,"Pid":"202006291221-36","Powner":"banana","Tittle":"Sweet Banana","Pname":"Banana","Pprice":1000,"Pamount":96,"Pquality":"3","Pcategory":"Fruit","Ptime":"2 hour","PCreateDate":"2020-06-29 12:21:36","PLastUpdate":"2020-06-29 14:07:52","UsernameInfo":{"username":"banana","password":""}}],"UsernameInfo":{"username":"banana","password":""}}
###############
2020-06-29 14:33:21.182353:HomePage
###############
2020-06-29 14:33:21.189335:result read : {"No":0,"Pid":"202006291221-36","Powner":"banana","Tittle":"Sweet Banana","Pname":"Banana","Pprice":1000,"Pamount":96,"Pquality":"3","Pcategory":"Fruit","Ptime":"","PCreateDate":"2020-06-29 12:21:36","PLastUpdate":"2020-06-29 14:07:52","UsernameInfo":{"username":"banana","password":""}}
###############
2020-06-29 14:33:21.200339:{"ListProduct":[{"No":1,"Pid":"202006291221-36","Powner":"banana","Tittle":"Sweet Banana","Pname":"Banana","Pprice":1000,"Pamount":96,"Pquality":"3","Pcategory":"Fruit","Ptime":"2 hour","PCreateDate":"2020-06-29 12:21:36","PLastUpdate":"2020-06-29 14:07:52","UsernameInfo":{"username":"banana","password":""}}],"UsernameInfo":{"username":"banana","password":""}}
###############
2020-06-29 14:35:01.405765:HomePage
###############
2020-06-29 14:35:01.411782:result read : {"No":0,"Pid":"202006291221-36","Powner":"banana","Tittle":"Sweet Banana","Pname":"Banana","Pprice":1000,"Pamount":96,"Pquality":"3","Pcategory":"Fruit","Ptime":"","PCreateDate":"2020-06-29 12:21:36","PLastUpdate":"2020-06-29 14:07:52","UsernameInfo":{"username":"banana","password":""}}
###############
2020-06-29 14:35:01.419725:{"ListProduct":[{"No":1,"Pid":"202006291221-36","Powner":"banana","Tittle":"Sweet Banana","Pname":"Banana","Pprice":1000,"Pamount":96,"Pquality":"3","Pcategory":"Fruit","Ptime":"2 hour","PCreateDate":"2020-06-29 12:21:36","PLastUpdate":"2020-06-29 14:07:52","UsernameInfo":{"username":"banana","password":""}}],"UsernameInfo":{"username":"banana","password":""}}
###############
2020-06-29 14:35:04.462047:ProductPage
###############
2020-06-29 14:35:07.105000:HomePage
###############
2020-06-29 14:35:07.111981:result read : {"No":0,"Pid":"202006291221-36","Powner":"banana","Tittle":"Sweet Banana","Pname":"Banana","Pprice":1000,"Pamount":96,"Pquality":"3","Pcategory":"Fruit","Ptime":"","PCreateDate":"2020-06-29 12:21:36","PLastUpdate":"2020-06-29 14:07:52","UsernameInfo":{"username":"banana","password":""}}
###############
2020-06-29 14:35:07.118961:{"ListProduct":[{"No":1,"Pid":"202006291221-36","Powner":"banana","Tittle":"Sweet Banana","Pname":"Banana","Pprice":1000,"Pamount":96,"Pquality":"3","Pcategory":"Fruit","Ptime":"2 hour","PCreateDate":"2020-06-29 12:21:36","PLastUpdate":"2020-06-29 14:07:52","UsernameInfo":{"username":"banana","password":""}}],"UsernameInfo":{"username":"banana","password":""}}
###############
2020-06-29 14:35:09.007875:BuyProduct
###############
2020-06-29 14:35:09.015858:result read : {"No":0,"Pid":"202006291221-36","Powner":"banana","Tittle":"Sweet Banana","Pname":"Banana","Pprice":1000,"Pamount":96,"Pquality":"3","Pcategory":"Fruit","Ptime":"","PCreateDate":"2020-06-29 12:21:36","PLastUpdate":"2020-06-29 14:07:52","UsernameInfo":{"username":"banana","password":""}}
###############
2020-06-29 14:35:37.862359:BuyProduct
###############
2020-06-29 14:35:37.876320:result read : {"No":0,"Pid":"202006291221-36","Powner":"banana","Tittle":"Sweet Banana","Pname":"Banana","Pprice":1000,"Pamount":96,"Pquality":"3","Pcategory":"Fruit","Ptime":"","PCreateDate":"2020-06-29 12:21:36","PLastUpdate":"2020-06-29 14:07:52","UsernameInfo":{"username":"banana","password":""}}
###############
2020-06-29 14:35:40.832787:HomePage
###############
2020-06-29 14:35:40.844755:result read : {"No":0,"Pid":"202006291221-36","Powner":"banana","Tittle":"Sweet Banana","Pname":"Banana","Pprice":1000,"Pamount":96,"Pquality":"3","Pcategory":"Fruit","Ptime":"","PCreateDate":"2020-06-29 12:21:36","PLastUpdate":"2020-06-29 14:07:52","UsernameInfo":{"username":"banana","password":""}}
###############
2020-06-29 14:35:40.852735:{"ListProduct":[{"No":1,"Pid":"202006291221-36","Powner":"banana","Tittle":"Sweet Banana","Pname":"Banana","Pprice":1000,"Pamount":96,"Pquality":"3","Pcategory":"Fruit","Ptime":"2 hour","PCreateDate":"2020-06-29 12:21:36","PLastUpdate":"2020-06-29 14:07:52","UsernameInfo":{"username":"banana","password":""}}],"UsernameInfo":{"username":"banana","password":""}}
###############
2020-06-29 14:36:04.575779:HomePage
###############
2020-06-29 14:36:04.582759:result read : {"No":0,"Pid":"202006291221-36","Powner":"banana","Tittle":"Sweet Banana","Pname":"Banana","Pprice":1000,"Pamount":96,"Pquality":"3","Pcategory":"Fruit","Ptime":"","PCreateDate":"2020-06-29 12:21:36","PLastUpdate":"2020-06-29 14:07:52","UsernameInfo":{"username":"banana","password":""}}
###############
2020-06-29 14:36:04.591737:{"ListProduct":[{"No":1,"Pid":"202006291221-36","Powner":"banana","Tittle":"Sweet Banana","Pname":"Banana","Pprice":1000,"Pamount":96,"Pquality":"3","Pcategory":"Fruit","Ptime":"2 hour","PCreateDate":"2020-06-29 12:21:36","PLastUpdate":"2020-06-29 14:07:52","UsernameInfo":{"username":"banana","password":""}}],"UsernameInfo":{"username":"banana","password":""}}
###############
2020-06-29 16:09:11.937617:HomePage
###############
2020-06-29 16:09:11.943632:result read : {"No":0,"Pid":"202006291221-36","Powner":"banana","Tittle":"Sweet Banana","Pname":"Banana","Pprice":1000,"Pamount":96,"Pquality":"3","Pcategory":"Fruit","Ptime":"","PCreateDate":"2020-06-29 12:21:36","PLastUpdate":"2020-06-29 14:07:52","UsernameInfo":{"username":"banana","password":""}}
###############
2020-06-29 16:09:11.951581:{"ListProduct":[{"No":1,"Pid":"202006291221-36","Powner":"banana","Tittle":"Sweet Banana","Pname":"Banana","Pprice":1000,"Pamount":96,"Pquality":"3","Pcategory":"Fruit","Ptime":"4 hour","PCreateDate":"2020-06-29 12:21:36","PLastUpdate":"2020-06-29 14:07:52","UsernameInfo":{"username":"banana","password":""}}],"UsernameInfo":{"username":"banana","password":""}}
###############
2020-06-29 16:09:15.045940:BuyProduct
###############
2020-06-29 16:09:15.053918:result read : {"No":0,"Pid":"202006291221-36","Powner":"banana","Tittle":"Sweet Banana","Pname":"Banana","Pprice":1000,"Pamount":96,"Pquality":"3","Pcategory":"Fruit","Ptime":"","PCreateDate":"2020-06-29 12:21:36","PLastUpdate":"2020-06-29 14:07:52","UsernameInfo":{"username":"banana","password":""}}
###############
2020-06-29 16:09:16.909426:HomePage
###############
2020-06-29 16:09:16.918403:result read : {"No":0,"Pid":"202006291221-36","Powner":"banana","Tittle":"Sweet Banana","Pname":"Banana","Pprice":1000,"Pamount":96,"Pquality":"3","Pcategory":"Fruit","Ptime":"","PCreateDate":"2020-06-29 12:21:36","PLastUpdate":"2020-06-29 14:07:52","UsernameInfo":{"username":"banana","password":""}}
###############
2020-06-29 16:09:16.925382:{"ListProduct":[{"No":1,"Pid":"202006291221-36","Powner":"banana","Tittle":"Sweet Banana","Pname":"Banana","Pprice":1000,"Pamount":96,"Pquality":"3","Pcategory":"Fruit","Ptime":"4 hour","PCreateDate":"2020-06-29 12:21:36","PLastUpdate":"2020-06-29 14:07:52","UsernameInfo":{"username":"banana","password":""}}],"UsernameInfo":{"username":"banana","password":""}}
###############
2020-06-29 16:09:18.788639:result read : {"No":0,"Pid":"202006291221-36","Powner":"banana","Tittle":"Sweet Banana","Pname":"Banana","Pprice":1000,"Pamount":96,"Pquality":"3","Pcategory":"Fruit","Ptime":"","PCreateDate":"2020-06-29 12:21:36","PLastUpdate":"2020-06-29 14:07:52","UsernameInfo":{"username":"banana","password":""}}
###############
2020-06-29 16:31:48.381196:result read : {"No":0,"Pid":"202006291221-36","Powner":"banana","Tittle":"Sweet Banana","Pname":"Banana","Pprice":1000,"Pamount":96,"Pquality":"3","Pcategory":"Fruit","Ptime":"","PCreateDate":"2020-06-29 12:21:36","PLastUpdate":"2020-06-29 14:07:52","UsernameInfo":{"username":"banana","password":""}}
###############
2020-06-29 16:31:58.323406:HomePage
###############
2020-06-29 16:31:58.333379:result read : {"No":0,"Pid":"202006291221-36","Powner":"banana","Tittle":"Sweet Banana","Pname":"Banana","Pprice":1000,"Pamount":96,"Pquality":"3","Pcategory":"Fruit","Ptime":"","PCreateDate":"2020-06-29 12:21:36","PLastUpdate":"2020-06-29 14:07:52","UsernameInfo":{"username":"banana","password":""}}
###############
2020-06-29 16:31:58.339365:{"ListProduct":[{"No":1,"Pid":"202006291221-36","Powner":"banana","Tittle":"Sweet Banana","Pname":"Banana","Pprice":1000,"Pamount":96,"Pquality":"3","Pcategory":"Fruit","Ptime":"4 hour","PCreateDate":"2020-06-29 12:21:36","PLastUpdate":"2020-06-29 14:07:52","UsernameInfo":{"username":"banana","password":""}}],"UsernameInfo":{"username":"banana","password":""}}
###############
