##########LOGNEW##########
2020-06-14 22:27:40.977362:HomePage
###############
2020-06-14 22:27:40.999306:result read : {"Pid":"202006120938-39","Tittle":"Sweet Baby Carrot","Pname":"Baby Carrot","Pprice":1000,"Pamount":100,"Pquality":"5","Pcategory":"Vegetable"}
###############
2020-06-14 22:27:41.012271:result read : {"Pid":"202006121620-03","Tittle":"Sweet Corn","Pname":"Corn","Pprice":5000,"Pamount":10,"Pquality":"Rare","Pcategory":"Vegetable"}
###############
2020-06-14 22:27:41.025401:result read : {"Pid":"202006121640-48","Tittle":"Sour Orange Mandarin","Pname":"Orange","Pprice":3000,"Pamount":30,"Pquality":"Good","Pcategory":"Fruit"}
###############
2020-06-14 22:27:41.031896:{"ListProduct":[{"Pid":"202006120938-39","Tittle":"Sweet Baby Carrot","Pname":"Baby Carrot","Pprice":1000,"Pamount":100,"Pquality":"5","Pcategory":"Vegetable"},{"Pid":"202006121620-03","Tittle":"Sweet Corn","Pname":"Corn","Pprice":5000,"Pamount":10,"Pquality":"Rare","Pcategory":"Vegetable"},{"Pid":"202006121640-48","Tittle":"Sour Orange Mandarin","Pname":"Orange","Pprice":3000,"Pamount":30,"Pquality":"Good","Pcategory":"Fruit"}]}
###############
2020-06-14 22:27:43.195105:ProductPage
###############
2020-06-14 22:28:07.565112:ProductPage
###############
2020-06-14 22:28:24.695113:ProductPage
###############
2020-06-14 22:29:08.767496:ProductPage
###############
2020-06-14 22:33:24.402935:HomePage
###############
2020-06-14 22:33:24.413905:result read : {"Pid":"202006120938-39","Tittle":"Sweet Baby Carrot","Pname":"Baby Carrot","Pprice":1000,"Pamount":100,"Pquality":"5","Pcategory":"Vegetable"}
###############
2020-06-14 22:33:24.420887:result read : {"Pid":"202006121620-03","Tittle":"Sweet Corn","Pname":"Corn","Pprice":5000,"Pamount":10,"Pquality":"Rare","Pcategory":"Vegetable"}
###############
2020-06-14 22:33:24.428866:result read : {"Pid":"202006121640-48","Tittle":"Sour Orange Mandarin","Pname":"Orange","Pprice":3000,"Pamount":30,"Pquality":"Good","Pcategory":"Fruit"}
###############
2020-06-14 22:33:24.435847:{"ListProduct":[{"Pid":"202006120938-39","Tittle":"Sweet Baby Carrot","Pname":"Baby Carrot","Pprice":1000,"Pamount":100,"Pquality":"5","Pcategory":"Vegetable"},{"Pid":"202006121620-03","Tittle":"Sweet Corn","Pname":"Corn","Pprice":5000,"Pamount":10,"Pquality":"Rare","Pcategory":"Vegetable"},{"Pid":"202006121640-48","Tittle":"Sour Orange Mandarin","Pname":"Orange","Pprice":3000,"Pamount":30,"Pquality":"Good","Pcategory":"Fruit"}]}
###############
2020-06-14 22:34:11.352026:ProductPage
###############
2020-06-14 22:34:58.691625:{"Pid":"202006142234-58","Tittle":"Red Apple","Pname":"Aple","Pprice":1400,"Pamount":50,"Pquality":"Good","Pcategory":"Fruit"}
###############
2020-06-14 22:35:33.724882:{"Pid":"202006142235-33","Tittle":"Red Apple","Pname":"Aple","Pprice":1400,"Pamount":50,"Pquality":"Good","Pcategory":"Fruit"}
###############
2020-06-14 22:36:23.116066:{"Pid":"202006142236-23","Tittle":"Red Apple","Pname":"Aple","Pprice":1400,"Pamount":50,"Pquality":"Good","Pcategory":"Fruit"}
###############
2020-06-14 22:36:32.599478:{"Pid":"202006142236-32","Tittle":"Red Apple","Pname":"Aple","Pprice":1400,"Pamount":50,"Pquality":"Good","Pcategory":"Fruit"}
###############
2020-06-14 22:36:42.593891:{"Pid":"202006142236-42","Tittle":"Red Apple","Pname":"Aple","Pprice":1400,"Pamount":50,"Pquality":"Good","Pcategory":"Fruit"}
###############
2020-06-14 22:36:43.582120:ProductPage
###############
2020-06-14 22:36:47.596380:{"Pid":"202006142236-47","Tittle":"","Pname":"","Pprice":0,"Pamount":0,"Pquality":"","Pcategory":""}
###############
2020-06-14 22:36:48.770384:HomePage
###############
2020-06-14 22:36:48.780360:result read : {"Pid":"202006120938-39","Tittle":"Sweet Baby Carrot","Pname":"Baby Carrot","Pprice":1000,"Pamount":100,"Pquality":"5","Pcategory":"Vegetable"}
###############
2020-06-14 22:36:48.789343:result read : {"Pid":"202006121620-03","Tittle":"Sweet Corn","Pname":"Corn","Pprice":5000,"Pamount":10,"Pquality":"Rare","Pcategory":"Vegetable"}
###############
2020-06-14 22:36:48.896065:result read : {"Pid":"202006121640-48","Tittle":"Sour Orange Mandarin","Pname":"Orange","Pprice":3000,"Pamount":30,"Pquality":"Good","Pcategory":"Fruit"}
###############
2020-06-14 22:36:48.932965:result read : {"Pid":"202006142234-58","Tittle":"Red Apple","Pname":"Aple","Pprice":1400,"Pamount":50,"Pquality":"Good","Pcategory":"Fruit"}
###############
2020-06-14 22:36:49.011755:result read : {"Pid":"202006142235-33","Tittle":"Red Apple","Pname":"Aple","Pprice":1400,"Pamount":50,"Pquality":"Good","Pcategory":"Fruit"}
###############
2020-06-14 22:36:49.046662:result read : {"Pid":"202006142236-23","Tittle":"Red Apple","Pname":"Aple","Pprice":1400,"Pamount":50,"Pquality":"Good","Pcategory":"Fruit"}
###############
2020-06-14 22:36:49.059627:result read : {"Pid":"202006142236-32","Tittle":"Red Apple","Pname":"Aple","Pprice":1400,"Pamount":50,"Pquality":"Good","Pcategory":"Fruit"}
###############
2020-06-14 22:36:49.069601:result read : {"Pid":"202006142236-42","Tittle":"Red Apple","Pname":"Aple","Pprice":1400,"Pamount":50,"Pquality":"Good","Pcategory":"Fruit"}
###############
2020-06-14 22:36:49.079573:result read : {"Pid":"202006142236-47","Tittle":"","Pname":"","Pprice":0,"Pamount":0,"Pquality":"","Pcategory":""}
###############
2020-06-14 22:36:49.090544:{"ListProduct":[{"Pid":"202006120938-39","Tittle":"Sweet Baby Carrot","Pname":"Baby Carrot","Pprice":1000,"Pamount":100,"Pquality":"5","Pcategory":"Vegetable"},{"Pid":"202006121620-03","Tittle":"Sweet Corn","Pname":"Corn","Pprice":5000,"Pamount":10,"Pquality":"Rare","Pcategory":"Vegetable"},{"Pid":"202006121640-48","Tittle":"Sour Orange Mandarin","Pname":"Orange","Pprice":3000,"Pamount":30,"Pquality":"Good","Pcategory":"Fruit"},{"Pid":"202006142234-58","Tittle":"Red Apple","Pname":"Aple","Pprice":1400,"Pamount":50,"Pquality":"Good","Pcategory":"Fruit"},{"Pid":"202006142235-33","Tittle":"Red Apple","Pname":"Aple","Pprice":1400,"Pamount":50,"Pquality":"Good","Pcategory":"Fruit"},{"Pid":"202006142236-23","Tittle":"Red Apple","Pname":"Aple","Pprice":1400,"Pamount":50,"Pquality":"Good","Pcategory":"Fruit"},{"Pid":"202006142236-32","Tittle":"Red Apple","Pname":"Aple","Pprice":1400,"Pamount":50,"Pquality":"Good","Pcategory":"Fruit"},{"Pid":"202006142236-42","Tittle":"Red Apple","Pname":"Aple","Pprice":1400,"Pamount":50,"Pquality":"Good","Pcategory":"Fruit"},{"Pid":"202006142236-47","Tittle":"","Pname":"","Pprice":0,"Pamount":0,"Pquality":"","Pcategory":""}]}
###############
